[2015-04-28 14:38:24,406] ERROR -->> error
org.postgresql.util.PSQLException: ERROR: column "age" is of type integer but expression is of type character varying
  Hint: You will need to rewrite or cast the expression.
  Position: 27
	at org.postgresql.core.v3.QueryExecutorImpl.receiveErrorResponse(QueryExecutorImpl.java:2198)
	at org.postgresql.core.v3.QueryExecutorImpl.processResults(QueryExecutorImpl.java:1927)
	at org.postgresql.core.v3.QueryExecutorImpl.execute(QueryExecutorImpl.java:405)
	at org.postgresql.jdbc2.AbstractJdbc2Statement.executeBatch(AbstractJdbc2Statement.java:2892)
	at com.mchange.v2.c3p0.impl.NewProxyPreparedStatement.executeBatch(NewProxyPreparedStatement.java:1723)
	at clojure.java.jdbc$execute_batch.invoke(jdbc.clj:401)
	at clojure.java.jdbc$db_do_execute_prepared_statement$fn__6008.invoke(jdbc.clj:733)
	at clojure.java.jdbc$db_transaction_STAR_.doInvoke(jdbc.clj:603)
	at clojure.lang.RestFn.invoke(RestFn.java:425)
	at clojure.java.jdbc$db_do_execute_prepared_statement.invoke(jdbc.clj:732)
	at clojure.java.jdbc$db_do_prepared.doInvoke(jdbc.clj:753)
	at clojure.lang.RestFn.applyTo(RestFn.java:142)
	at clojure.core$apply.invoke(core.clj:630)
	at clojure.java.jdbc$db_do_prepared.doInvoke(jdbc.clj:748)
	at clojure.lang.RestFn.invoke(RestFn.java:442)
	at korma.db$exec_sql.invoke(db.clj:258)
	at korma.db$do_query.invoke(db.clj:272)
	at korma.core$exec.invoke(core.clj:491)
	at school_car.students.models.student$update_BANG_$fn__6842.invoke(student.clj:27)
	at clojure.java.jdbc$db_transaction_STAR_.doInvoke(jdbc.clj:584)
	at clojure.lang.RestFn.invoke(RestFn.java:521)
	at clojure.java.jdbc$db_transaction_STAR_.doInvoke(jdbc.clj:600)
	at clojure.lang.RestFn.invoke(RestFn.java:521)
	at school_car.students.models.student$update_BANG_.invoke(student.clj:26)
	at school_car.students.controllers.students$modify_student_j.invoke(students.clj:57)
	at compojure.response$eval1482$fn__1483.invoke(response.clj:34)
	at compojure.response$eval1441$fn__1442$G__1432__1449.invoke(response.clj:7)
	at compojure.core$make_route$fn__2998.invoke(core.clj:113)
	at compojure.core$wrap_route_middleware$fn__2994.invoke(core.clj:103)
	at compojure.core$if_route$fn__2973.invoke(core.clj:41)
	at compojure.core$if_method$fn__2965.invoke(core.clj:27)
	at compojure.core$routing$fn__3004.invoke(core.clj:127)
	at clojure.core$some.invoke(core.clj:2515)
	at compojure.core$routing.doInvoke(core.clj:127)
	at clojure.lang.RestFn.applyTo(RestFn.java:139)
	at clojure.core$apply.invoke(core.clj:626)
	at compojure.core$routes$fn__3008.invoke(core.clj:132)
	at compojure.core$routing$fn__3004.invoke(core.clj:127)
	at clojure.core$some.invoke(core.clj:2515)
	at compojure.core$routing.doInvoke(core.clj:127)
	at clojure.lang.RestFn.invoke(RestFn.java:423)
	at main_route$fn__6940.invoke(main_route.clj:12)
	at compojure.core$if_context$fn__3066.invoke(core.clj:198)
	at compojure.core$routing$fn__3004.invoke(core.clj:127)
	at clojure.core$some.invoke(core.clj:2515)
	at compojure.core$routing.doInvoke(core.clj:127)
	at clojure.lang.RestFn.applyTo(RestFn.java:139)
	at clojure.core$apply.invoke(core.clj:626)
	at compojure.core$routes$fn__3008.invoke(core.clj:132)
	at ring.middleware.keyword_params$wrap_keyword_params$fn__3394.invoke(keyword_params.clj:35)
	at ring.middleware.params$wrap_params$fn__3231.invoke(params.clj:64)
	at ring.middleware.json$wrap_json_body$fn__5116.invoke(json.clj:33)
	at ring.middleware.json$wrap_json_response$fn__5133.invoke(json.clj:65)
	at ring.middleware.json$wrap_json_params$fn__5125.invoke(json.clj:54)
	at utils.web$log_request_response$fn__5482.invoke(web.clj:39)
	at utils.web$wrap_request_header$fn__5490.invoke(web.clj:59)
	at clojure.lang.Var.invoke(Var.java:379)
	at ring.middleware.reload$wrap_reload$fn__1388.invoke(reload.clj:22)
	at ring.middleware.stacktrace$wrap_stacktrace_log$fn__849.invoke(stacktrace.clj:23)
	at ring.middleware.stacktrace$wrap_stacktrace_web$fn__911.invoke(stacktrace.clj:86)
	at ring.adapter.jetty$proxy_handler$fn__97.invoke(jetty.clj:20)
	at ring.adapter.jetty.proxy$org.eclipse.jetty.server.handler.AbstractHandler$ff19274a.handle(Unknown Source)
	at org.eclipse.jetty.server.handler.HandlerWrapper.handle(HandlerWrapper.java:116)
	at org.eclipse.jetty.server.Server.handle(Server.java:369)
	at org.eclipse.jetty.server.AbstractHttpConnection.handleRequest(AbstractHttpConnection.java:486)
	at org.eclipse.jetty.server.AbstractHttpConnection.content(AbstractHttpConnection.java:944)
	at org.eclipse.jetty.server.AbstractHttpConnection$RequestHandler.content(AbstractHttpConnection.java:1005)
	at org.eclipse.jetty.http.HttpParser.parseNext(HttpParser.java:865)
	at org.eclipse.jetty.http.HttpParser.parseAvailable(HttpParser.java:240)
	at org.eclipse.jetty.server.AsyncHttpConnection.handle(AsyncHttpConnection.java:82)
	at org.eclipse.jetty.io.nio.SelectChannelEndPoint.handle(SelectChannelEndPoint.java:668)
	at org.eclipse.jetty.io.nio.SelectChannelEndPoint$1.run(SelectChannelEndPoint.java:52)
	at org.eclipse.jetty.util.thread.QueuedThreadPool.runJob(QueuedThreadPool.java:608)
	at org.eclipse.jetty.util.thread.QueuedThreadPool$3.run(QueuedThreadPool.java:543)
	at java.lang.Thread.run(Thread.java:722)
