[2015-04-28 11:35:44,689] INFO  -->> MLog clients using log4j logging.
[2015-04-28 11:37:10,463] INFO  -->> MLog clients using log4j logging.
[2015-04-28 11:38:23,186] INFO  -->> MLog clients using log4j logging.
[2015-04-28 11:41:06,131] INFO  -->> MLog clients using log4j logging.
[2015-04-28 11:44:23,154] INFO  -->> MLog clients using log4j logging.
[2015-04-28 11:44:25,614] INFO  -->> 
request -> 
{:ssl-client-cert nil, :remote-addr "0:0:0:0:0:0:0:1", :params {:host "localhost:3000", :accept "text/html,application/xhtml+xml,application/xml;q=0.9,*/*;q=0.8", :accept-language "en-US,en;q=0.5", :connection "keep-alive", :user-agent "Mozilla/5.0 (X11; Linux x86_64; rv:27.0) Gecko/20100101 Firefox/27.0", :accept-encoding "gzip, deflate"}, :headers {"accept-encoding" "gzip, deflate", "user-agent" "Mozilla/5.0 (X11; Linux x86_64; rv:27.0) Gecko/20100101 Firefox/27.0", "connection" "keep-alive", "accept-language" "en-US,en;q=0.5", "accept" "text/html,application/xhtml+xml,application/xml;q=0.9,*/*;q=0.8", "host" "localhost:3000"}, :server-port 3000, :content-length nil, :content-type nil, :character-encoding nil, :uri "/", :server-name "localhost", :query-string nil, :body #<HttpInput org.eclipse.jetty.server.HttpInput@2a9440a6>, :scheme :http, :request-method :get}
response -> 
{:status 200, :headers {"Content-Type" "application/json; charset=utf-8"}, :body "{\"hello\":\"It works!\"}"}
[2015-04-28 11:44:25,811] INFO  -->> 
request -> 
{:ssl-client-cert nil, :remote-addr "0:0:0:0:0:0:0:1", :params {:host "localhost:3000", :accept "image/png,image/*;q=0.8,*/*;q=0.5", :accept-language "en-US,en;q=0.5", :connection "keep-alive", :user-agent "Mozilla/5.0 (X11; Linux x86_64; rv:27.0) Gecko/20100101 Firefox/27.0", :accept-encoding "gzip, deflate"}, :headers {"accept-encoding" "gzip, deflate", "user-agent" "Mozilla/5.0 (X11; Linux x86_64; rv:27.0) Gecko/20100101 Firefox/27.0", "connection" "keep-alive", "accept-language" "en-US,en;q=0.5", "accept" "image/png,image/*;q=0.8,*/*;q=0.5", "host" "localhost:3000"}, :server-port 3000, :content-length nil, :content-type nil, :character-encoding nil, :uri "/favicon.ico", :server-name "localhost", :query-string nil, :body #<HttpInput org.eclipse.jetty.server.HttpInput@2a9440a6>, :scheme :http, :request-method :get}
response -> 
{:status 404, :headers {"Content-Type" "text/html; charset=utf-8"}, :body "Not Found"}
[2015-04-28 11:44:25,819] INFO  -->> 
request -> 
{:ssl-client-cert nil, :remote-addr "0:0:0:0:0:0:0:1", :params {:host "localhost:3000", :accept "text/html,application/xhtml+xml,application/xml;q=0.9,*/*;q=0.8", :accept-language "en-US,en;q=0.5", :connection "keep-alive", :user-agent "Mozilla/5.0 (X11; Linux x86_64; rv:27.0) Gecko/20100101 Firefox/27.0", :accept-encoding "gzip, deflate"}, :headers {"accept-encoding" "gzip, deflate", "user-agent" "Mozilla/5.0 (X11; Linux x86_64; rv:27.0) Gecko/20100101 Firefox/27.0", "connection" "keep-alive", "accept-language" "en-US,en;q=0.5", "accept" "text/html,application/xhtml+xml,application/xml;q=0.9,*/*;q=0.8", "host" "localhost:3000"}, :server-port 3000, :content-length nil, :content-type nil, :character-encoding nil, :uri "/favicon.ico", :server-name "localhost", :query-string nil, :body #<HttpInput org.eclipse.jetty.server.HttpInput@2a9440a6>, :scheme :http, :request-method :get}
response -> 
{:status 404, :headers {"Content-Type" "text/html; charset=utf-8"}, :body "Not Found"}
[2015-04-28 11:48:54,500] INFO  -->> 
request -> 
{:ssl-client-cert nil, :remote-addr "0:0:0:0:0:0:0:1", :params {:host "localhost:3000", :accept "text/html,application/xhtml+xml,application/xml;q=0.9,*/*;q=0.8", :content-length "44", :content-type "application/json; charset=UTF-8", :accept-language "null", :connection "keep-alive", :user-agent "Mozilla/5.0 (X11; Linux x86_64; rv:27.0) Gecko/20100101 Firefox/27.0", :accept-encoding "gzip, deflate"}, :headers {"accept-encoding" "gzip, deflate", "user-agent" "Mozilla/5.0 (X11; Linux x86_64; rv:27.0) Gecko/20100101 Firefox/27.0", "connection" "keep-alive", "accept-language" "null", "content-type" "application/json; charset=UTF-8", "content-length" "44", "accept" "text/html,application/xhtml+xml,application/xml;q=0.9,*/*;q=0.8", "host" "localhost:3000"}, :server-port 3000, :content-length 44, :content-type "application/json; charset=UTF-8", :character-encoding "UTF-8", :uri "/pieces/student", :server-name "localhost", :query-string nil, :body #<HttpInput org.eclipse.jetty.server.HttpInput@4b7bd33f>, :scheme :http, :request-method :put}
response -> 
{:headers {"Content-Type" "text/plain"}, :status 400, :body "Malformed JSON in request body."}
[2015-04-28 11:51:57,612] INFO  -->> 
request -> 
{:ssl-client-cert nil, :remote-addr "0:0:0:0:0:0:0:1", :params {:host "localhost:3000", :accept "text/html,application/xhtml+xml,application/xml;q=0.9,*/*;q=0.8", :content-length "46", :content-type "application/json; charset=UTF-8", :accept-language "null", :connection "keep-alive", :user-agent "Mozilla/5.0 (X11; Linux x86_64; rv:27.0) Gecko/20100101 Firefox/27.0", :accept-encoding "gzip, deflate"}, :headers {"accept-encoding" "gzip, deflate", "user-agent" "Mozilla/5.0 (X11; Linux x86_64; rv:27.0) Gecko/20100101 Firefox/27.0", "connection" "keep-alive", "accept-language" "null", "content-type" "application/json; charset=UTF-8", "content-length" "46", "accept" "text/html,application/xhtml+xml,application/xml;q=0.9,*/*;q=0.8", "host" "localhost:3000"}, :server-port 3000, :content-length 46, :content-type "application/json; charset=UTF-8", :character-encoding "UTF-8", :uri "/pieces/student", :server-name "localhost", :query-string nil, :body #<HttpInput org.eclipse.jetty.server.HttpInput@2a4f8f8b>, :scheme :http, :request-method :put}
response -> 
{:headers {"Content-Type" "text/plain"}, :status 400, :body "Malformed JSON in request body."}
[2015-04-28 11:52:17,386] INFO  -->> 
request -> 
{:ssl-client-cert nil, :remote-addr "0:0:0:0:0:0:0:1", :params {:host "localhost:3000", :accept "text/html,application/xhtml+xml,application/xml;q=0.9,*/*;q=0.8", :content-length "46", :content-type "application/json; charset=UTF-8", :accept-language "null", :connection "keep-alive", :user-agent "Mozilla/5.0 (X11; Linux x86_64; rv:27.0) Gecko/20100101 Firefox/27.0", :accept-encoding "gzip, deflate"}, :headers {"accept-encoding" "gzip, deflate", "user-agent" "Mozilla/5.0 (X11; Linux x86_64; rv:27.0) Gecko/20100101 Firefox/27.0", "connection" "keep-alive", "accept-language" "null", "content-type" "application/json; charset=UTF-8", "content-length" "46", "accept" "text/html,application/xhtml+xml,application/xml;q=0.9,*/*;q=0.8", "host" "localhost:3000"}, :server-port 3000, :content-length 46, :content-type "application/json; charset=UTF-8", :character-encoding "UTF-8", :uri "/pieces/student", :server-name "localhost", :query-string nil, :body #<HttpInput org.eclipse.jetty.server.HttpInput@2a4f8f8b>, :scheme :http, :request-method :put}
response -> 
{:headers {"Content-Type" "text/plain"}, :status 400, :body "Malformed JSON in request body."}
[2015-04-28 11:52:53,116] INFO  -->> Initializing c3p0-0.9.1.2 [built 21-May-2007 15:04:56; debug? true; trace: 10]
[2015-04-28 11:52:53,302] INFO  -->> Initializing c3p0 pool... com.mchange.v2.c3p0.ComboPooledDataSource [ acquireIncrement -> 3, acquireRetryAttempts -> 30, acquireRetryDelay -> 1000, autoCommitOnClose -> false, automaticTestTable -> null, breakAfterAcquireFailure -> false, checkoutTimeout -> 0, connectionCustomizerClassName -> null, connectionTesterClassName -> com.mchange.v2.c3p0.impl.DefaultConnectionTester, dataSourceName -> 1hge1cs981yioywr1mr9l02|3136a0bc, debugUnreturnedConnectionStackTraces -> false, description -> null, driverClass -> org.postgresql.Driver, factoryClassLocation -> null, forceIgnoreUnresolvedTransactions -> false, identityToken -> 1hge1cs981yioywr1mr9l02|3136a0bc, idleConnectionTestPeriod -> 0, initialPoolSize -> 3, jdbcUrl -> jdbc:postgresql://127.0.0.1:5432/school_car, maxAdministrativeTaskTime -> 0, maxConnectionAge -> 0, maxIdleTime -> 10800, maxIdleTimeExcessConnections -> 1800, maxPoolSize -> 15, maxStatements -> 0, maxStatementsPerConnection -> 0, minPoolSize -> 3, numHelperThreads -> 3, numThreadsAwaitingCheckoutDefaultUser -> 0, preferredTestQuery -> null, properties -> {user=******, password=******}, propertyCycle -> 0, testConnectionOnCheckin -> false, testConnectionOnCheckout -> false, unreturnedConnectionTimeout -> 0, usesTraditionalReflectiveProxies -> false ]
[2015-04-28 11:52:53,621] INFO  -->> 
request -> 
{:ssl-client-cert nil, :remote-addr "0:0:0:0:0:0:0:1", :params {:host "localhost:3000", :accept "text/html,application/xhtml+xml,application/xml;q=0.9,*/*;q=0.8", :content-length "44", :content-type "application/json; charset=UTF-8", :accept-language "null", :connection "keep-alive", :user-agent "Mozilla/5.0 (X11; Linux x86_64; rv:27.0) Gecko/20100101 Firefox/27.0", :accept-encoding "gzip, deflate"}, :headers {"accept-encoding" "gzip, deflate", "user-agent" "Mozilla/5.0 (X11; Linux x86_64; rv:27.0) Gecko/20100101 Firefox/27.0", "connection" "keep-alive", "accept-language" "null", "content-type" "application/json; charset=UTF-8", "content-length" "44", "accept" "text/html,application/xhtml+xml,application/xml;q=0.9,*/*;q=0.8", "host" "localhost:3000"}, :server-port 3000, :content-length 44, :content-type "application/json; charset=UTF-8", :character-encoding "UTF-8", :uri "/pieces/student", :server-name "localhost", :query-string nil, :body #<HttpInput org.eclipse.jetty.server.HttpInput@2a4f8f8b>, :scheme :http, :request-method :put}
response -> 
{:status 404, :headers {"Content-Type" "text/html; charset=utf-8"}, :body "Not Found"}
[2015-04-28 11:56:42,908] INFO  -->> MLog clients using log4j logging.
[2015-04-28 11:57:04,475] INFO  -->> MLog clients using log4j logging.
[2015-04-28 11:57:05,683] INFO  -->> 
request -> 
{:ssl-client-cert nil, :remote-addr "0:0:0:0:0:0:0:1", :params {:host "localhost:3000", :accept "text/html,application/xhtml+xml,application/xml;q=0.9,*/*;q=0.8", :accept-language "en-US,en;q=0.5", :connection "keep-alive", :user-agent "Mozilla/5.0 (X11; Linux x86_64; rv:27.0) Gecko/20100101 Firefox/27.0", :accept-encoding "gzip, deflate"}, :headers {"accept-encoding" "gzip, deflate", "user-agent" "Mozilla/5.0 (X11; Linux x86_64; rv:27.0) Gecko/20100101 Firefox/27.0", "connection" "keep-alive", "accept-language" "en-US,en;q=0.5", "accept" "text/html,application/xhtml+xml,application/xml;q=0.9,*/*;q=0.8", "host" "localhost:3000"}, :server-port 3000, :content-length nil, :content-type nil, :character-encoding nil, :uri "/", :server-name "localhost", :query-string nil, :body #<HttpInput org.eclipse.jetty.server.HttpInput@5bbe6d69>, :scheme :http, :request-method :get}
response -> 
{:status 200, :headers {"Content-Type" "application/json; charset=utf-8"}, :body "{\"hello\":\"It works!\"}"}
[2015-04-28 11:57:06,307] INFO  -->> 
request -> 
{:ssl-client-cert nil, :remote-addr "0:0:0:0:0:0:0:1", :params {:host "localhost:3000", :accept "text/html,application/xhtml+xml,application/xml;q=0.9,*/*;q=0.8", :accept-language "en-US,en;q=0.5", :connection "keep-alive", :user-agent "Mozilla/5.0 (X11; Linux x86_64; rv:27.0) Gecko/20100101 Firefox/27.0", :accept-encoding "gzip, deflate"}, :headers {"accept-encoding" "gzip, deflate", "user-agent" "Mozilla/5.0 (X11; Linux x86_64; rv:27.0) Gecko/20100101 Firefox/27.0", "connection" "keep-alive", "accept-language" "en-US,en;q=0.5", "accept" "text/html,application/xhtml+xml,application/xml;q=0.9,*/*;q=0.8", "host" "localhost:3000"}, :server-port 3000, :content-length nil, :content-type nil, :character-encoding nil, :uri "/favicon.ico", :server-name "localhost", :query-string nil, :body #<HttpInput org.eclipse.jetty.server.HttpInput@5bbe6d69>, :scheme :http, :request-method :get}
response -> 
{:status 404, :headers {"Content-Type" "text/html; charset=utf-8"}, :body "Not Found"}
[2015-04-28 11:57:22,838] INFO  -->> 4 songbingwei 男
[2015-04-28 11:57:23,195] INFO  -->> Initializing c3p0-0.9.1.2 [built 21-May-2007 15:04:56; debug? true; trace: 10]
[2015-04-28 11:57:23,422] INFO  -->> Initializing c3p0 pool... com.mchange.v2.c3p0.ComboPooledDataSource [ acquireIncrement -> 3, acquireRetryAttempts -> 30, acquireRetryDelay -> 1000, autoCommitOnClose -> false, automaticTestTable -> null, breakAfterAcquireFailure -> false, checkoutTimeout -> 0, connectionCustomizerClassName -> null, connectionTesterClassName -> com.mchange.v2.c3p0.impl.DefaultConnectionTester, dataSourceName -> 1hge1cs981yiurkqv74mk7|32e6cb4d, debugUnreturnedConnectionStackTraces -> false, description -> null, driverClass -> org.postgresql.Driver, factoryClassLocation -> null, forceIgnoreUnresolvedTransactions -> false, identityToken -> 1hge1cs981yiurkqv74mk7|32e6cb4d, idleConnectionTestPeriod -> 0, initialPoolSize -> 3, jdbcUrl -> jdbc:postgresql://127.0.0.1:5432/school_car, maxAdministrativeTaskTime -> 0, maxConnectionAge -> 0, maxIdleTime -> 10800, maxIdleTimeExcessConnections -> 1800, maxPoolSize -> 15, maxStatements -> 0, maxStatementsPerConnection -> 0, minPoolSize -> 3, numHelperThreads -> 3, numThreadsAwaitingCheckoutDefaultUser -> 0, preferredTestQuery -> null, properties -> {user=******, password=******}, propertyCycle -> 0, testConnectionOnCheckin -> false, testConnectionOnCheckout -> false, unreturnedConnectionTimeout -> 0, usesTraditionalReflectiveProxies -> false ]
[2015-04-28 11:57:23,689] INFO  -->> songbingwei 男 2 2 3 1 song_stu song_stu yi ming xiao xue sheng /headimg/123.jpg
[2015-04-28 11:57:23,691] INFO  -->> 
request -> 
{:ssl-client-cert nil, :remote-addr "0:0:0:0:0:0:0:1", :params {:host "localhost:3000", :accept "text/html,application/xhtml+xml,application/xml;q=0.9,*/*;q=0.8", :content-length "44", :content-type "application/json; charset=UTF-8", :accept-language "null", :connection "keep-alive", :user-agent "Mozilla/5.0 (X11; Linux x86_64; rv:27.0) Gecko/20100101 Firefox/27.0", :accept-encoding "gzip, deflate"}, :headers {"accept-encoding" "gzip, deflate", "user-agent" "Mozilla/5.0 (X11; Linux x86_64; rv:27.0) Gecko/20100101 Firefox/27.0", "connection" "keep-alive", "accept-language" "null", "content-type" "application/json; charset=UTF-8", "content-length" "44", "accept" "text/html,application/xhtml+xml,application/xml;q=0.9,*/*;q=0.8", "host" "localhost:3000"}, :server-port 3000, :content-length 44, :content-type "application/json; charset=UTF-8", :character-encoding "UTF-8", :uri "/pieces/student", :server-name "localhost", :query-string nil, :body #<HttpInput org.eclipse.jetty.server.HttpInput@5bbe6d69>, :scheme :http, :request-method :put}
response -> 
{:status 404, :headers {"Content-Type" "text/html; charset=utf-8"}, :body "Not Found"}
[2015-04-28 14:37:08,709] INFO  -->> MLog clients using log4j logging.
[2015-04-28 14:37:36,233] INFO  -->> MLog clients using log4j logging.
[2015-04-28 14:37:38,042] INFO  -->> 
request -> 
{:ssl-client-cert nil, :remote-addr "0:0:0:0:0:0:0:1", :params {:host "localhost:3000", :accept "text/html,application/xhtml+xml,application/xml;q=0.9,*/*;q=0.8", :accept-language "en-US,en;q=0.5", :connection "keep-alive", :user-agent "Mozilla/5.0 (X11; Linux x86_64; rv:27.0) Gecko/20100101 Firefox/27.0", :accept-encoding "gzip, deflate"}, :headers {"accept-encoding" "gzip, deflate", "user-agent" "Mozilla/5.0 (X11; Linux x86_64; rv:27.0) Gecko/20100101 Firefox/27.0", "connection" "keep-alive", "accept-language" "en-US,en;q=0.5", "accept" "text/html,application/xhtml+xml,application/xml;q=0.9,*/*;q=0.8", "host" "localhost:3000"}, :server-port 3000, :content-length nil, :content-type nil, :character-encoding nil, :uri "/", :server-name "localhost", :query-string nil, :body #<HttpInput org.eclipse.jetty.server.HttpInput@4e01255e>, :scheme :http, :request-method :get}
response -> 
{:status 200, :headers {"Content-Type" "application/json; charset=utf-8"}, :body "{\"hello\":\"It works!\"}"}
[2015-04-28 14:38:23,677] INFO  -->> name = songbingwei,sex = 男,age = 28,classes_id =  ,car_id = ,school_id =  , username =  ,passwd =  ,description =  ,headimg = 
[2015-04-28 14:38:23,928] INFO  -->> Initializing c3p0-0.9.1.2 [built 21-May-2007 15:04:56; debug? true; trace: 10]
[2015-04-28 14:38:24,145] INFO  -->> Initializing c3p0 pool... com.mchange.v2.c3p0.ComboPooledDataSource [ acquireIncrement -> 3, acquireRetryAttempts -> 30, acquireRetryDelay -> 1000, autoCommitOnClose -> false, automaticTestTable -> null, breakAfterAcquireFailure -> false, checkoutTimeout -> 0, connectionCustomizerClassName -> null, connectionTesterClassName -> com.mchange.v2.c3p0.impl.DefaultConnectionTester, dataSourceName -> 1hge1cs981yoltu91cs6htb|774be8ca, debugUnreturnedConnectionStackTraces -> false, description -> null, driverClass -> org.postgresql.Driver, factoryClassLocation -> null, forceIgnoreUnresolvedTransactions -> false, identityToken -> 1hge1cs981yoltu91cs6htb|774be8ca, idleConnectionTestPeriod -> 0, initialPoolSize -> 3, jdbcUrl -> jdbc:postgresql://127.0.0.1:5432/school_car, maxAdministrativeTaskTime -> 0, maxConnectionAge -> 0, maxIdleTime -> 10800, maxIdleTimeExcessConnections -> 1800, maxPoolSize -> 15, maxStatements -> 0, maxStatementsPerConnection -> 0, minPoolSize -> 3, numHelperThreads -> 3, numThreadsAwaitingCheckoutDefaultUser -> 0, preferredTestQuery -> null, properties -> {user=******, password=******}, propertyCycle -> 0, testConnectionOnCheckin -> false, testConnectionOnCheckout -> false, unreturnedConnectionTimeout -> 0, usesTraditionalReflectiveProxies -> false ]
[2015-04-28 14:38:24,406] ERROR -->> error
org.postgresql.util.PSQLException: ERROR: column "age" is of type integer but expression is of type character varying
  Hint: You will need to rewrite or cast the expression.
  Position: 27
	at org.postgresql.core.v3.QueryExecutorImpl.receiveErrorResponse(QueryExecutorImpl.java:2198)
	at org.postgresql.core.v3.QueryExecutorImpl.processResults(QueryExecutorImpl.java:1927)
	at org.postgresql.core.v3.QueryExecutorImpl.execute(QueryExecutorImpl.java:405)
	at org.postgresql.jdbc2.AbstractJdbc2Statement.executeBatch(AbstractJdbc2Statement.java:2892)
	at com.mchange.v2.c3p0.impl.NewProxyPreparedStatement.executeBatch(NewProxyPreparedStatement.java:1723)
	at clojure.java.jdbc$execute_batch.invoke(jdbc.clj:401)
	at clojure.java.jdbc$db_do_execute_prepared_statement$fn__6008.invoke(jdbc.clj:733)
	at clojure.java.jdbc$db_transaction_STAR_.doInvoke(jdbc.clj:603)
	at clojure.lang.RestFn.invoke(RestFn.java:425)
	at clojure.java.jdbc$db_do_execute_prepared_statement.invoke(jdbc.clj:732)
	at clojure.java.jdbc$db_do_prepared.doInvoke(jdbc.clj:753)
	at clojure.lang.RestFn.applyTo(RestFn.java:142)
	at clojure.core$apply.invoke(core.clj:630)
	at clojure.java.jdbc$db_do_prepared.doInvoke(jdbc.clj:748)
	at clojure.lang.RestFn.invoke(RestFn.java:442)
	at korma.db$exec_sql.invoke(db.clj:258)
	at korma.db$do_query.invoke(db.clj:272)
	at korma.core$exec.invoke(core.clj:491)
	at school_car.students.models.student$update_BANG_$fn__6842.invoke(student.clj:27)
	at clojure.java.jdbc$db_transaction_STAR_.doInvoke(jdbc.clj:584)
	at clojure.lang.RestFn.invoke(RestFn.java:521)
	at clojure.java.jdbc$db_transaction_STAR_.doInvoke(jdbc.clj:600)
	at clojure.lang.RestFn.invoke(RestFn.java:521)
	at school_car.students.models.student$update_BANG_.invoke(student.clj:26)
	at school_car.students.controllers.students$modify_student_j.invoke(students.clj:57)
	at compojure.response$eval1482$fn__1483.invoke(response.clj:34)
	at compojure.response$eval1441$fn__1442$G__1432__1449.invoke(response.clj:7)
	at compojure.core$make_route$fn__2998.invoke(core.clj:113)
	at compojure.core$wrap_route_middleware$fn__2994.invoke(core.clj:103)
	at compojure.core$if_route$fn__2973.invoke(core.clj:41)
	at compojure.core$if_method$fn__2965.invoke(core.clj:27)
	at compojure.core$routing$fn__3004.invoke(core.clj:127)
	at clojure.core$some.invoke(core.clj:2515)
	at compojure.core$routing.doInvoke(core.clj:127)
	at clojure.lang.RestFn.applyTo(RestFn.java:139)
	at clojure.core$apply.invoke(core.clj:626)
	at compojure.core$routes$fn__3008.invoke(core.clj:132)
	at compojure.core$routing$fn__3004.invoke(core.clj:127)
	at clojure.core$some.invoke(core.clj:2515)
	at compojure.core$routing.doInvoke(core.clj:127)
	at clojure.lang.RestFn.invoke(RestFn.java:423)
	at main_route$fn__6940.invoke(main_route.clj:12)
	at compojure.core$if_context$fn__3066.invoke(core.clj:198)
	at compojure.core$routing$fn__3004.invoke(core.clj:127)
	at clojure.core$some.invoke(core.clj:2515)
	at compojure.core$routing.doInvoke(core.clj:127)
	at clojure.lang.RestFn.applyTo(RestFn.java:139)
	at clojure.core$apply.invoke(core.clj:626)
	at compojure.core$routes$fn__3008.invoke(core.clj:132)
	at ring.middleware.keyword_params$wrap_keyword_params$fn__3394.invoke(keyword_params.clj:35)
	at ring.middleware.params$wrap_params$fn__3231.invoke(params.clj:64)
	at ring.middleware.json$wrap_json_body$fn__5116.invoke(json.clj:33)
	at ring.middleware.json$wrap_json_response$fn__5133.invoke(json.clj:65)
	at ring.middleware.json$wrap_json_params$fn__5125.invoke(json.clj:54)
	at utils.web$log_request_response$fn__5482.invoke(web.clj:39)
	at utils.web$wrap_request_header$fn__5490.invoke(web.clj:59)
	at clojure.lang.Var.invoke(Var.java:379)
	at ring.middleware.reload$wrap_reload$fn__1388.invoke(reload.clj:22)
	at ring.middleware.stacktrace$wrap_stacktrace_log$fn__849.invoke(stacktrace.clj:23)
	at ring.middleware.stacktrace$wrap_stacktrace_web$fn__911.invoke(stacktrace.clj:86)
	at ring.adapter.jetty$proxy_handler$fn__97.invoke(jetty.clj:20)
	at ring.adapter.jetty.proxy$org.eclipse.jetty.server.handler.AbstractHandler$ff19274a.handle(Unknown Source)
	at org.eclipse.jetty.server.handler.HandlerWrapper.handle(HandlerWrapper.java:116)
	at org.eclipse.jetty.server.Server.handle(Server.java:369)
	at org.eclipse.jetty.server.AbstractHttpConnection.handleRequest(AbstractHttpConnection.java:486)
	at org.eclipse.jetty.server.AbstractHttpConnection.content(AbstractHttpConnection.java:944)
	at org.eclipse.jetty.server.AbstractHttpConnection$RequestHandler.content(AbstractHttpConnection.java:1005)
	at org.eclipse.jetty.http.HttpParser.parseNext(HttpParser.java:865)
	at org.eclipse.jetty.http.HttpParser.parseAvailable(HttpParser.java:240)
	at org.eclipse.jetty.server.AsyncHttpConnection.handle(AsyncHttpConnection.java:82)
	at org.eclipse.jetty.io.nio.SelectChannelEndPoint.handle(SelectChannelEndPoint.java:668)
	at org.eclipse.jetty.io.nio.SelectChannelEndPoint$1.run(SelectChannelEndPoint.java:52)
	at org.eclipse.jetty.util.thread.QueuedThreadPool.runJob(QueuedThreadPool.java:608)
	at org.eclipse.jetty.util.thread.QueuedThreadPool$3.run(QueuedThreadPool.java:543)
	at java.lang.Thread.run(Thread.java:722)
[2015-04-28 14:38:24,435] INFO  -->> 
request -> 
{:ssl-client-cert nil, :remote-addr "0:0:0:0:0:0:0:1", :params {:host "localhost:3000", :accept "text/html,application/xhtml+xml,application/xml;q=0.9,*/*;q=0.8", :content-length "55", :content-type "application/json; charset=UTF-8", :accept-language "null", :connection "keep-alive", :user-agent "Mozilla/5.0 (X11; Linux x86_64; rv:27.0) Gecko/20100101 Firefox/27.0", :accept-encoding "gzip, deflate"}, :headers {"accept-encoding" "gzip, deflate", "user-agent" "Mozilla/5.0 (X11; Linux x86_64; rv:27.0) Gecko/20100101 Firefox/27.0", "connection" "keep-alive", "accept-language" "null", "content-type" "application/json; charset=UTF-8", "content-length" "55", "accept" "text/html,application/xhtml+xml,application/xml;q=0.9,*/*;q=0.8", "host" "localhost:3000"}, :server-port 3000, :content-length 55, :content-type "application/json; charset=UTF-8", :character-encoding "UTF-8", :uri "/pieces/student", :server-name "localhost", :query-string nil, :body #<HttpInput org.eclipse.jetty.server.HttpInput@4e01255e>, :scheme :http, :request-method :put}
response -> 
{:status 200, :headers {"Content-Type" "application/json; charset=utf-8"}, :body "{\"success\":false,\"errno\":\"-1\",\"message\":\"ERROR: column \\\"age\\\" is of type integer but expression is of type character varying\\n  Hint: You will need to rewrite or cast the expression.\\n  Position: 27\"}"}
[2015-04-28 14:38:47,693] INFO  -->> name = songbingwei,sex = 男,age = 28,classes_id =  ,car_id = ,school_id =  , username =  ,passwd =  ,description =  ,headimg = 
[2015-04-28 15:20:20,005] INFO  -->> MLog clients using log4j logging.
[2015-04-28 15:20:41,502] INFO  -->> MLog clients using log4j logging.
[2015-04-28 15:20:42,746] INFO  -->> 
request -> 
{:ssl-client-cert nil, :remote-addr "0:0:0:0:0:0:0:1", :params {:host "localhost:3000", :accept "text/html,application/xhtml+xml,application/xml;q=0.9,*/*;q=0.8", :accept-language "en-US,en;q=0.5", :connection "keep-alive", :user-agent "Mozilla/5.0 (X11; Linux x86_64; rv:27.0) Gecko/20100101 Firefox/27.0", :accept-encoding "gzip, deflate"}, :headers {"accept-encoding" "gzip, deflate", "user-agent" "Mozilla/5.0 (X11; Linux x86_64; rv:27.0) Gecko/20100101 Firefox/27.0", "connection" "keep-alive", "accept-language" "en-US,en;q=0.5", "accept" "text/html,application/xhtml+xml,application/xml;q=0.9,*/*;q=0.8", "host" "localhost:3000"}, :server-port 3000, :content-length nil, :content-type nil, :character-encoding nil, :uri "/", :server-name "localhost", :query-string nil, :body #<HttpInput org.eclipse.jetty.server.HttpInput@616001af>, :scheme :http, :request-method :get}
response -> 
{:status 200, :headers {"Content-Type" "application/json; charset=utf-8"}, :body "{\"hello\":\"It works!\"}"}
[2015-04-28 15:21:02,510] INFO  -->> name = songbingwei,sex = 男,age = 29,classes_id =  ,car_id = ,school_id =  , username =  ,passwd =  ,description =  ,headimg = 
[2015-04-28 15:21:02,686] INFO  -->> Initializing c3p0-0.9.1.2 [built 21-May-2007 15:04:56; debug? true; trace: 10]
[2015-04-28 15:21:02,862] INFO  -->> Initializing c3p0 pool... com.mchange.v2.c3p0.ComboPooledDataSource [ acquireIncrement -> 3, acquireRetryAttempts -> 30, acquireRetryDelay -> 1000, autoCommitOnClose -> false, automaticTestTable -> null, breakAfterAcquireFailure -> false, checkoutTimeout -> 0, connectionCustomizerClassName -> null, connectionTesterClassName -> com.mchange.v2.c3p0.impl.DefaultConnectionTester, dataSourceName -> 1hge1cs981yq4o6s2vfdax|4d62a96e, debugUnreturnedConnectionStackTraces -> false, description -> null, driverClass -> org.postgresql.Driver, factoryClassLocation -> null, forceIgnoreUnresolvedTransactions -> false, identityToken -> 1hge1cs981yq4o6s2vfdax|4d62a96e, idleConnectionTestPeriod -> 0, initialPoolSize -> 3, jdbcUrl -> jdbc:postgresql://127.0.0.1:5432/school_car, maxAdministrativeTaskTime -> 0, maxConnectionAge -> 0, maxIdleTime -> 10800, maxIdleTimeExcessConnections -> 1800, maxPoolSize -> 15, maxStatements -> 0, maxStatementsPerConnection -> 0, minPoolSize -> 3, numHelperThreads -> 3, numThreadsAwaitingCheckoutDefaultUser -> 0, preferredTestQuery -> null, properties -> {user=******, password=******}, propertyCycle -> 0, testConnectionOnCheckin -> false, testConnectionOnCheckout -> false, unreturnedConnectionTimeout -> 0, usesTraditionalReflectiveProxies -> false ]
[2015-04-28 15:22:52,772] INFO  -->> name = songbingwei,sex = 男,age = 29,classes_id =  ,car_id = ,school_id =  , username =  ,passwd =  ,description =  ,headimg = 
[2015-04-28 16:05:34,719] INFO  -->> MLog clients using log4j logging.
[2015-04-28 16:06:10,323] INFO  -->> name = songbingwei,sex = 男,age = 29,classes_id =  ,car_id = ,school_id =  , username =  ,passwd =  ,description =  ,headimg = 
[2015-04-28 16:06:10,467] INFO  -->> Initializing c3p0-0.9.1.2 [built 21-May-2007 15:04:56; debug? true; trace: 10]
[2015-04-28 16:06:10,614] INFO  -->> Initializing c3p0 pool... com.mchange.v2.c3p0.ComboPooledDataSource [ acquireIncrement -> 3, acquireRetryAttempts -> 30, acquireRetryDelay -> 1000, autoCommitOnClose -> false, automaticTestTable -> null, breakAfterAcquireFailure -> false, checkoutTimeout -> 0, connectionCustomizerClassName -> null, connectionTesterClassName -> com.mchange.v2.c3p0.impl.DefaultConnectionTester, dataSourceName -> 1hge1cs981yrqpj31hc9h0k|2ed7c608, debugUnreturnedConnectionStackTraces -> false, description -> null, driverClass -> org.postgresql.Driver, factoryClassLocation -> null, forceIgnoreUnresolvedTransactions -> false, identityToken -> 1hge1cs981yrqpj31hc9h0k|2ed7c608, idleConnectionTestPeriod -> 0, initialPoolSize -> 3, jdbcUrl -> jdbc:postgresql://127.0.0.1:5432/school_car, maxAdministrativeTaskTime -> 0, maxConnectionAge -> 0, maxIdleTime -> 10800, maxIdleTimeExcessConnections -> 1800, maxPoolSize -> 15, maxStatements -> 0, maxStatementsPerConnection -> 0, minPoolSize -> 3, numHelperThreads -> 3, numThreadsAwaitingCheckoutDefaultUser -> 0, preferredTestQuery -> null, properties -> {user=******, password=******}, propertyCycle -> 0, testConnectionOnCheckin -> false, testConnectionOnCheckout -> false, unreturnedConnectionTimeout -> 0, usesTraditionalReflectiveProxies -> false ]
[2015-04-29 10:05:15,667] INFO  -->> MLog clients using log4j logging.
[2015-04-29 10:05:40,165] INFO  -->> MLog clients using log4j logging.
[2015-04-29 10:07:06,031] INFO  -->> {:json-params {"stuid" 4, "name" "songbingwei", "age" 25, "sex" "男"}, :ssl-client-cert nil, :remote-addr "0:0:0:0:0:0:0:1", :params {:user-agent "Mozilla/5.0 (X11; Linux x86_64; rv:27.0) Gecko/20100101 Firefox/27.0", :age 25, :sex "男", :name "songbingwei", :host "localhost:6001", :content-length "53", :stuid 4, :accept-encoding "gzip, deflate", :content-type "application/json; charset=UTF-8", :connection "keep-alive", :accept-language "null", :accept "text/html,application/xhtml+xml,application/xml;q=0.9,*/*;q=0.8"}, :route-params {}, :headers {"accept-encoding" "gzip, deflate", "user-agent" "Mozilla/5.0 (X11; Linux x86_64; rv:27.0) Gecko/20100101 Firefox/27.0", "connection" "keep-alive", "accept-language" "null", "content-type" "application/json; charset=UTF-8", "content-length" "53", "accept" "text/html,application/xhtml+xml,application/xml;q=0.9,*/*;q=0.8", "host" "localhost:6001"}, :server-port 6001, :content-length 53, :form-params {}, :query-params {}, :content-type "application/json; charset=UTF-8", :path-info "/student", :character-encoding "UTF-8", :context "/pieces", :uri "/pieces/student", :server-name "localhost", :query-string nil, :body nil, :scheme :http, :request-method :put}
[2015-04-29 10:07:06,032] INFO  -->> {}
[2015-04-29 10:09:51,746] INFO  -->> MLog clients using log4j logging.
[2015-04-29 10:11:59,487] INFO  -->> MLog clients using log4j logging.
[2015-04-29 10:12:20,817] INFO  -->> MLog clients using log4j logging.
[2015-04-29 10:12:32,444] INFO  -->> {:json-params {"stuid" 4, "name" "songbingwei", "age" 25, "sex" "男"}, :ssl-client-cert nil, :remote-addr "0:0:0:0:0:0:0:1", :params {:user-agent "Mozilla/5.0 (X11; Linux x86_64; rv:27.0) Gecko/20100101 Firefox/27.0", :age 25, :sex "男", :name "songbingwei", :host "localhost:6001", :content-length "53", :stuid 4, :accept-encoding "gzip, deflate", :content-type "application/json; charset=UTF-8", :connection "keep-alive", :accept-language "null", :accept "text/html,application/xhtml+xml,application/xml;q=0.9,*/*;q=0.8"}, :route-params {}, :headers {"accept-encoding" "gzip, deflate", "user-agent" "Mozilla/5.0 (X11; Linux x86_64; rv:27.0) Gecko/20100101 Firefox/27.0", "connection" "keep-alive", "accept-language" "null", "content-type" "application/json; charset=UTF-8", "content-length" "53", "accept" "text/html,application/xhtml+xml,application/xml;q=0.9,*/*;q=0.8", "host" "localhost:6001"}, :server-port 6001, :content-length 53, :form-params {}, :query-params {}, :content-type "application/json; charset=UTF-8", :path-info "/student", :character-encoding "UTF-8", :context "/pieces", :uri "/pieces/student", :server-name "localhost", :query-string nil, :body nil, :scheme :http, :request-method :put}
[2015-04-29 10:12:32,446] INFO  -->> {:age 25, :sex "男", :name "songbingwei"}
[2015-04-29 10:14:11,452] INFO  -->> MLog clients using log4j logging.
[2015-04-29 10:19:21,068] INFO  -->> MLog clients using log4j logging.
[2015-04-29 10:25:44,766] INFO  -->> {:json-params {"stuid" 4, "name" "songbingwei", "age" 25, "sex" "男"}, :ssl-client-cert nil, :remote-addr "0:0:0:0:0:0:0:1", :params {:user-agent "Mozilla/5.0 (X11; Linux x86_64; rv:27.0) Gecko/20100101 Firefox/27.0", :age 25, :sex "男", :name "songbingwei", :host "localhost:6001", :content-length "53", :stuid 4, :accept-encoding "gzip, deflate", :content-type "application/json; charset=UTF-8", :connection "keep-alive", :accept-language "null", :accept "text/html,application/xhtml+xml,application/xml;q=0.9,*/*;q=0.8"}, :route-params {}, :headers {"accept-encoding" "gzip, deflate", "user-agent" "Mozilla/5.0 (X11; Linux x86_64; rv:27.0) Gecko/20100101 Firefox/27.0", "connection" "keep-alive", "accept-language" "null", "content-type" "application/json; charset=UTF-8", "content-length" "53", "accept" "text/html,application/xhtml+xml,application/xml;q=0.9,*/*;q=0.8", "host" "localhost:6001"}, :server-port 6001, :content-length 53, :form-params {}, :query-params {}, :content-type "application/json; charset=UTF-8", :path-info "/student", :character-encoding "UTF-8", :context "/pieces", :uri "/pieces/student", :server-name "localhost", :query-string nil, :body nil, :scheme :http, :request-method :put}
[2015-04-29 10:25:44,768] INFO  -->> {:age 25, :sex "男", :name "songbingwei"}
[2015-04-29 10:25:45,197] INFO  -->> Initializing c3p0-0.9.1.2 [built 21-May-2007 15:04:56; debug? true; trace: 10]
[2015-04-29 10:25:45,384] INFO  -->> Initializing c3p0 pool... com.mchange.v2.c3p0.ComboPooledDataSource [ acquireIncrement -> 3, acquireRetryAttempts -> 30, acquireRetryDelay -> 1000, autoCommitOnClose -> false, automaticTestTable -> null, breakAfterAcquireFailure -> false, checkoutTimeout -> 0, connectionCustomizerClassName -> null, connectionTesterClassName -> com.mchange.v2.c3p0.impl.DefaultConnectionTester, dataSourceName -> 1hge1cs99twpwo7b5onk|1bc31f72, debugUnreturnedConnectionStackTraces -> false, description -> null, driverClass -> org.postgresql.Driver, factoryClassLocation -> null, forceIgnoreUnresolvedTransactions -> false, identityToken -> 1hge1cs99twpwo7b5onk|1bc31f72, idleConnectionTestPeriod -> 0, initialPoolSize -> 3, jdbcUrl -> jdbc:postgresql://127.0.0.1:5432/school_car, maxAdministrativeTaskTime -> 0, maxConnectionAge -> 0, maxIdleTime -> 10800, maxIdleTimeExcessConnections -> 1800, maxPoolSize -> 15, maxStatements -> 0, maxStatementsPerConnection -> 0, minPoolSize -> 3, numHelperThreads -> 3, numThreadsAwaitingCheckoutDefaultUser -> 0, preferredTestQuery -> null, properties -> {user=******, password=******}, propertyCycle -> 0, testConnectionOnCheckin -> false, testConnectionOnCheckout -> false, unreturnedConnectionTimeout -> 0, usesTraditionalReflectiveProxies -> false ]
[2015-04-29 10:59:46,488] INFO  -->> MLog clients using log4j logging.
[2015-04-29 11:01:16,202] INFO  -->> MLog clients using log4j logging.
[2015-04-29 11:01:36,062] INFO  -->> MLog clients using log4j logging.
[2015-04-29 11:02:49,976] INFO  -->> {:json-params {"stuid" 4, "name" "songbingwei", "age" 25, "sex" "男"}, :ssl-client-cert nil, :remote-addr "0:0:0:0:0:0:0:1", :params {:user-agent "Mozilla/5.0 (X11; Linux x86_64; rv:27.0) Gecko/20100101 Firefox/27.0", :age 25, :sex "男", :name "songbingwei", :host "localhost:6001", :content-length "53", :stuid 4, :accept-encoding "gzip, deflate", :content-type "application/json; charset=UTF-8", :connection "keep-alive", :accept-language "null", :accept "text/html,application/xhtml+xml,application/xml;q=0.9,*/*;q=0.8"}, :route-params {}, :headers {"accept-encoding" "gzip, deflate", "user-agent" "Mozilla/5.0 (X11; Linux x86_64; rv:27.0) Gecko/20100101 Firefox/27.0", "connection" "keep-alive", "accept-language" "null", "content-type" "application/json; charset=UTF-8", "content-length" "53", "accept" "text/html,application/xhtml+xml,application/xml;q=0.9,*/*;q=0.8", "host" "localhost:6001"}, :server-port 6001, :content-length 53, :form-params {}, :query-params {}, :content-type "application/json; charset=UTF-8", :path-info "/student", :character-encoding "UTF-8", :context "/pieces", :uri "/pieces/student", :server-name "localhost", :query-string nil, :body nil, :scheme :http, :request-method :put}
[2015-04-29 11:02:49,978] INFO  -->> {:age 25, :sex "男", :name "songbingwei"}
[2015-04-29 11:02:50,134] INFO  -->> Initializing c3p0-0.9.1.2 [built 21-May-2007 15:04:56; debug? true; trace: 10]
[2015-04-29 11:02:50,287] INFO  -->> Initializing c3p0 pool... com.mchange.v2.c3p0.ComboPooledDataSource [ acquireIncrement -> 3, acquireRetryAttempts -> 30, acquireRetryDelay -> 1000, autoCommitOnClose -> false, automaticTestTable -> null, breakAfterAcquireFailure -> false, checkoutTimeout -> 0, connectionCustomizerClassName -> null, connectionTesterClassName -> com.mchange.v2.c3p0.impl.DefaultConnectionTester, dataSourceName -> 1hge1cs99v8er5t2y69h|5a40ec31, debugUnreturnedConnectionStackTraces -> false, description -> null, driverClass -> org.postgresql.Driver, factoryClassLocation -> null, forceIgnoreUnresolvedTransactions -> false, identityToken -> 1hge1cs99v8er5t2y69h|5a40ec31, idleConnectionTestPeriod -> 0, initialPoolSize -> 3, jdbcUrl -> jdbc:postgresql://127.0.0.1:5432/school_car, maxAdministrativeTaskTime -> 0, maxConnectionAge -> 0, maxIdleTime -> 10800, maxIdleTimeExcessConnections -> 1800, maxPoolSize -> 15, maxStatements -> 0, maxStatementsPerConnection -> 0, minPoolSize -> 3, numHelperThreads -> 3, numThreadsAwaitingCheckoutDefaultUser -> 0, preferredTestQuery -> null, properties -> {user=******, password=******}, propertyCycle -> 0, testConnectionOnCheckin -> false, testConnectionOnCheckout -> false, unreturnedConnectionTimeout -> 0, usesTraditionalReflectiveProxies -> false ]
[2015-04-29 11:11:54,706] INFO  -->> MLog clients using log4j logging.
[2015-04-29 11:13:15,041] INFO  -->> MLog clients using log4j logging.
[2015-04-29 11:13:21,585] INFO  -->> {:json-params {"stuid" 4, "name" "songbingwei", "age" 25, "sex" "男"}, :ssl-client-cert nil, :remote-addr "0:0:0:0:0:0:0:1", :params {:user-agent "Mozilla/5.0 (X11; Linux x86_64; rv:27.0) Gecko/20100101 Firefox/27.0", :age 25, :sex "男", :name "songbingwei", :host "localhost:6001", :content-length "53", :stuid 4, :accept-encoding "gzip, deflate", :content-type "application/json; charset=UTF-8", :connection "keep-alive", :accept-language "null", :accept "text/html,application/xhtml+xml,application/xml;q=0.9,*/*;q=0.8"}, :route-params {}, :headers {"accept-encoding" "gzip, deflate", "user-agent" "Mozilla/5.0 (X11; Linux x86_64; rv:27.0) Gecko/20100101 Firefox/27.0", "connection" "keep-alive", "accept-language" "null", "content-type" "application/json; charset=UTF-8", "content-length" "53", "accept" "text/html,application/xhtml+xml,application/xml;q=0.9,*/*;q=0.8", "host" "localhost:6001"}, :server-port 6001, :content-length 53, :form-params {}, :query-params {}, :content-type "application/json; charset=UTF-8", :path-info "/student", :character-encoding "UTF-8", :context "/pieces", :uri "/pieces/student", :server-name "localhost", :query-string nil, :body nil, :scheme :http, :request-method :put}
[2015-04-29 11:13:21,587] INFO  -->> {:age 25, :sex "男", :name "songbingwei"}
[2015-04-29 11:13:21,752] INFO  -->> Initializing c3p0-0.9.1.2 [built 21-May-2007 15:04:56; debug? true; trace: 10]
[2015-04-29 11:13:21,907] INFO  -->> Initializing c3p0 pool... com.mchange.v2.c3p0.ComboPooledDataSource [ acquireIncrement -> 3, acquireRetryAttempts -> 30, acquireRetryDelay -> 1000, autoCommitOnClose -> false, automaticTestTable -> null, breakAfterAcquireFailure -> false, checkoutTimeout -> 0, connectionCustomizerClassName -> null, connectionTesterClassName -> com.mchange.v2.c3p0.impl.DefaultConnectionTester, dataSourceName -> 1hge1cs99vly3jd4kex9|44c34941, debugUnreturnedConnectionStackTraces -> false, description -> null, driverClass -> org.postgresql.Driver, factoryClassLocation -> null, forceIgnoreUnresolvedTransactions -> false, identityToken -> 1hge1cs99vly3jd4kex9|44c34941, idleConnectionTestPeriod -> 0, initialPoolSize -> 3, jdbcUrl -> jdbc:postgresql://127.0.0.1:5432/school_car, maxAdministrativeTaskTime -> 0, maxConnectionAge -> 0, maxIdleTime -> 10800, maxIdleTimeExcessConnections -> 1800, maxPoolSize -> 15, maxStatements -> 0, maxStatementsPerConnection -> 0, minPoolSize -> 3, numHelperThreads -> 3, numThreadsAwaitingCheckoutDefaultUser -> 0, preferredTestQuery -> null, properties -> {user=******, password=******}, propertyCycle -> 0, testConnectionOnCheckin -> false, testConnectionOnCheckout -> false, unreturnedConnectionTimeout -> 0, usesTraditionalReflectiveProxies -> false ]
[2015-04-29 11:15:59,119] INFO  -->> MLog clients using log4j logging.
[2015-04-29 11:17:26,467] INFO  -->> MLog clients using log4j logging.
[2015-04-29 11:18:35,611] INFO  -->> {:json-params {"stuid" 4, "name" "songbingwei", "age" 25, "sex" "男"}, :ssl-client-cert nil, :remote-addr "0:0:0:0:0:0:0:1", :params {:user-agent "Mozilla/5.0 (X11; Linux x86_64; rv:27.0) Gecko/20100101 Firefox/27.0", :age 25, :sex "男", :name "songbingwei", :host "localhost:6001", :content-length "53", :stuid 4, :accept-encoding "gzip, deflate", :content-type "application/json; charset=UTF-8", :connection "keep-alive", :accept-language "null", :accept "text/html,application/xhtml+xml,application/xml;q=0.9,*/*;q=0.8"}, :route-params {}, :headers {"accept-encoding" "gzip, deflate", "user-agent" "Mozilla/5.0 (X11; Linux x86_64; rv:27.0) Gecko/20100101 Firefox/27.0", "connection" "keep-alive", "accept-language" "null", "content-type" "application/json; charset=UTF-8", "content-length" "53", "accept" "text/html,application/xhtml+xml,application/xml;q=0.9,*/*;q=0.8", "host" "localhost:6001"}, :server-port 6001, :content-length 53, :form-params {}, :query-params {}, :content-type "application/json; charset=UTF-8", :path-info "/student", :character-encoding "UTF-8", :context "/pieces", :uri "/pieces/student", :server-name "localhost", :query-string nil, :body nil, :scheme :http, :request-method :put}
[2015-04-29 11:18:35,612] INFO  -->> {:age 25, :sex "男", :name "songbingwei"}
[2015-04-29 11:18:35,789] INFO  -->> Initializing c3p0-0.9.1.2 [built 21-May-2007 15:04:56; debug? true; trace: 10]
[2015-04-29 11:18:35,987] INFO  -->> Initializing c3p0 pool... com.mchange.v2.c3p0.ComboPooledDataSource [ acquireIncrement -> 3, acquireRetryAttempts -> 30, acquireRetryDelay -> 1000, autoCommitOnClose -> false, automaticTestTable -> null, breakAfterAcquireFailure -> false, checkoutTimeout -> 0, connectionCustomizerClassName -> null, connectionTesterClassName -> com.mchange.v2.c3p0.impl.DefaultConnectionTester, dataSourceName -> 1hge1cs99vsof5jggibx|13f7d08a, debugUnreturnedConnectionStackTraces -> false, description -> null, driverClass -> org.postgresql.Driver, factoryClassLocation -> null, forceIgnoreUnresolvedTransactions -> false, identityToken -> 1hge1cs99vsof5jggibx|13f7d08a, idleConnectionTestPeriod -> 0, initialPoolSize -> 3, jdbcUrl -> jdbc:postgresql://127.0.0.1:5432/school_car, maxAdministrativeTaskTime -> 0, maxConnectionAge -> 0, maxIdleTime -> 10800, maxIdleTimeExcessConnections -> 1800, maxPoolSize -> 15, maxStatements -> 0, maxStatementsPerConnection -> 0, minPoolSize -> 3, numHelperThreads -> 3, numThreadsAwaitingCheckoutDefaultUser -> 0, preferredTestQuery -> null, properties -> {user=******, password=******}, propertyCycle -> 0, testConnectionOnCheckin -> false, testConnectionOnCheckout -> false, unreturnedConnectionTimeout -> 0, usesTraditionalReflectiveProxies -> false ]
[2015-04-29 11:18:36,186] INFO  -->> ****************{:description "yi ming xiao xue sheng", :age 25, :sex "男", :headimg "/headimg/123.jpg", :name "songbingwei", :username "song_stu", :classes_id 2M, :stuid 4M, :car_id 3M, :school_id 1M, :passwd "song_stu"}
[2015-04-29 11:18:36,200] INFO  -->> 
request -> 
{:ssl-client-cert nil, :remote-addr "0:0:0:0:0:0:0:1", :params {:host "localhost:6001", :accept "text/html,application/xhtml+xml,application/xml;q=0.9,*/*;q=0.8", :content-length "53", :content-type "application/json; charset=UTF-8", :accept-language "null", :connection "keep-alive", :user-agent "Mozilla/5.0 (X11; Linux x86_64; rv:27.0) Gecko/20100101 Firefox/27.0", :accept-encoding "gzip, deflate"}, :headers {"accept-encoding" "gzip, deflate", "user-agent" "Mozilla/5.0 (X11; Linux x86_64; rv:27.0) Gecko/20100101 Firefox/27.0", "connection" "keep-alive", "accept-language" "null", "content-type" "application/json; charset=UTF-8", "content-length" "53", "accept" "text/html,application/xhtml+xml,application/xml;q=0.9,*/*;q=0.8", "host" "localhost:6001"}, :server-port 6001, :content-length 53, :content-type "application/json; charset=UTF-8", :character-encoding "UTF-8", :uri "/pieces/student", :server-name "localhost", :query-string nil, :body #<HttpInput org.eclipse.jetty.server.HttpInput@7cda2a84>, :scheme :http, :request-method :put}
response -> 
{:status 404, :headers {"Content-Type" "text/html; charset=utf-8"}, :body "Not Found"}
[2015-04-29 11:37:52,623] INFO  -->> MLog clients using log4j logging.
[2015-04-29 11:38:14,021] INFO  -->> MLog clients using log4j logging.
[2015-04-29 11:39:41,426] INFO  -->> {:json-params {"stuid" 4, "name" "songbingwei", "age" 25, "sex" "男"}, :ssl-client-cert nil, :remote-addr "0:0:0:0:0:0:0:1", :params {:user-agent "Mozilla/5.0 (X11; Linux x86_64; rv:27.0) Gecko/20100101 Firefox/27.0", :age 25, :sex "男", :name "songbingwei", :host "localhost:6001", :content-length "53", :stuid 4, :accept-encoding "gzip, deflate", :content-type "application/json; charset=UTF-8", :connection "keep-alive", :accept-language "null", :accept "text/html,application/xhtml+xml,application/xml;q=0.9,*/*;q=0.8"}, :route-params {}, :headers {"accept-encoding" "gzip, deflate", "user-agent" "Mozilla/5.0 (X11; Linux x86_64; rv:27.0) Gecko/20100101 Firefox/27.0", "connection" "keep-alive", "accept-language" "null", "content-type" "application/json; charset=UTF-8", "content-length" "53", "accept" "text/html,application/xhtml+xml,application/xml;q=0.9,*/*;q=0.8", "host" "localhost:6001"}, :server-port 6001, :content-length 53, :form-params {}, :query-params {}, :content-type "application/json; charset=UTF-8", :path-info "/student", :character-encoding "UTF-8", :context "/pieces", :uri "/pieces/student", :server-name "localhost", :query-string nil, :body nil, :scheme :http, :request-method :put}
[2015-04-29 11:39:41,441] INFO  -->> {:age 25, :sex "男", :name "songbingwei"}
[2015-04-29 11:39:41,574] INFO  -->> Initializing c3p0-0.9.1.2 [built 21-May-2007 15:04:56; debug? true; trace: 10]
[2015-04-29 11:39:41,705] INFO  -->> Initializing c3p0 pool... com.mchange.v2.c3p0.ComboPooledDataSource [ acquireIncrement -> 3, acquireRetryAttempts -> 30, acquireRetryDelay -> 1000, autoCommitOnClose -> false, automaticTestTable -> null, breakAfterAcquireFailure -> false, checkoutTimeout -> 0, connectionCustomizerClassName -> null, connectionTesterClassName -> com.mchange.v2.c3p0.impl.DefaultConnectionTester, dataSourceName -> 1hge1cs99wjt4aztydpt|1e66fc2d, debugUnreturnedConnectionStackTraces -> false, description -> null, driverClass -> org.postgresql.Driver, factoryClassLocation -> null, forceIgnoreUnresolvedTransactions -> false, identityToken -> 1hge1cs99wjt4aztydpt|1e66fc2d, idleConnectionTestPeriod -> 0, initialPoolSize -> 3, jdbcUrl -> jdbc:postgresql://127.0.0.1:5432/school_car, maxAdministrativeTaskTime -> 0, maxConnectionAge -> 0, maxIdleTime -> 10800, maxIdleTimeExcessConnections -> 1800, maxPoolSize -> 15, maxStatements -> 0, maxStatementsPerConnection -> 0, minPoolSize -> 3, numHelperThreads -> 3, numThreadsAwaitingCheckoutDefaultUser -> 0, preferredTestQuery -> null, properties -> {user=******, password=******}, propertyCycle -> 0, testConnectionOnCheckin -> false, testConnectionOnCheckout -> false, unreturnedConnectionTimeout -> 0, usesTraditionalReflectiveProxies -> false ]
[2015-04-29 11:39:41,838] INFO  -->> {:description "yi ming xiao xue sheng", :age 25, :sex "男", :headimg "/headimg/123.jpg", :name "songbingwei", :username "song_stu", :classes_id 2M, :stuid 4M, :car_id 3M, :school_id 1M, :passwd "song_stu"}
[2015-04-29 11:42:53,958] INFO  -->> MLog clients using log4j logging.
[2015-04-29 11:43:55,797] INFO  -->> {:json-params {"stuid" 4, "name" "songbingwei", "age" 25, "sex" "男"}, :ssl-client-cert nil, :remote-addr "0:0:0:0:0:0:0:1", :params {:user-agent "Mozilla/5.0 (X11; Linux x86_64; rv:27.0) Gecko/20100101 Firefox/27.0", :age 25, :sex "男", :name "songbingwei", :host "localhost:6001", :content-length "53", :stuid 4, :accept-encoding "gzip, deflate", :content-type "application/json; charset=UTF-8", :connection "keep-alive", :accept-language "null", :accept "text/html,application/xhtml+xml,application/xml;q=0.9,*/*;q=0.8"}, :route-params {}, :headers {"accept-encoding" "gzip, deflate", "user-agent" "Mozilla/5.0 (X11; Linux x86_64; rv:27.0) Gecko/20100101 Firefox/27.0", "connection" "keep-alive", "accept-language" "null", "content-type" "application/json; charset=UTF-8", "content-length" "53", "accept" "text/html,application/xhtml+xml,application/xml;q=0.9,*/*;q=0.8", "host" "localhost:6001"}, :server-port 6001, :content-length 53, :form-params {}, :query-params {}, :content-type "application/json; charset=UTF-8", :path-info "/student", :character-encoding "UTF-8", :context "/pieces", :uri "/pieces/student", :server-name "localhost", :query-string nil, :body nil, :scheme :http, :request-method :put}
[2015-04-29 11:43:55,806] INFO  -->> {:age 25, :sex "男", :name "songbingwei"}
[2015-04-29 11:43:55,960] INFO  -->> Initializing c3p0-0.9.1.2 [built 21-May-2007 15:04:56; debug? true; trace: 10]
[2015-04-29 11:43:56,125] INFO  -->> Initializing c3p0 pool... com.mchange.v2.c3p0.ComboPooledDataSource [ acquireIncrement -> 3, acquireRetryAttempts -> 30, acquireRetryDelay -> 1000, autoCommitOnClose -> false, automaticTestTable -> null, breakAfterAcquireFailure -> false, checkoutTimeout -> 0, connectionCustomizerClassName -> null, connectionTesterClassName -> com.mchange.v2.c3p0.impl.DefaultConnectionTester, dataSourceName -> 1hge1cs99wp9e015smck6|1e66fc2d, debugUnreturnedConnectionStackTraces -> false, description -> null, driverClass -> org.postgresql.Driver, factoryClassLocation -> null, forceIgnoreUnresolvedTransactions -> false, identityToken -> 1hge1cs99wp9e015smck6|1e66fc2d, idleConnectionTestPeriod -> 0, initialPoolSize -> 3, jdbcUrl -> jdbc:postgresql://127.0.0.1:5432/school_car, maxAdministrativeTaskTime -> 0, maxConnectionAge -> 0, maxIdleTime -> 10800, maxIdleTimeExcessConnections -> 1800, maxPoolSize -> 15, maxStatements -> 0, maxStatementsPerConnection -> 0, minPoolSize -> 3, numHelperThreads -> 3, numThreadsAwaitingCheckoutDefaultUser -> 0, preferredTestQuery -> null, properties -> {user=******, password=******}, propertyCycle -> 0, testConnectionOnCheckin -> false, testConnectionOnCheckout -> false, unreturnedConnectionTimeout -> 0, usesTraditionalReflectiveProxies -> false ]
[2015-04-29 11:43:56,332] INFO  -->> {:description "yi ming xiao xue sheng", :age 25, :sex "男", :headimg "/headimg/123.jpg", :name "songbingwei", :username "song_stu", :classes_id 2M, :stuid 4M, :car_id 3M, :school_id 1M, :passwd "song_stu"}{:description "yi ming xiao xue sheng", :age 25, :sex "男", :headimg "/headimg/123.jpg", :name "songbingwei", :username "song_stu", :classes_id 2M, :car_id 3M, :school_id 1M, :passwd "song_stu"}{:stuid 4M}
[2015-04-29 11:47:08,064] INFO  -->> MLog clients using log4j logging.
[2015-04-29 11:48:12,202] INFO  -->> {:json-params {"stuid" 4, "name" "songbingwei", "age" 25, "sex" "男"}, :ssl-client-cert nil, :remote-addr "0:0:0:0:0:0:0:1", :params {:user-agent "Mozilla/5.0 (X11; Linux x86_64; rv:27.0) Gecko/20100101 Firefox/27.0", :age 25, :sex "男", :name "songbingwei", :host "localhost:6001", :content-length "53", :stuid 4, :accept-encoding "gzip, deflate", :content-type "application/json; charset=UTF-8", :connection "keep-alive", :accept-language "null", :accept "text/html,application/xhtml+xml,application/xml;q=0.9,*/*;q=0.8"}, :route-params {}, :headers {"accept-encoding" "gzip, deflate", "user-agent" "Mozilla/5.0 (X11; Linux x86_64; rv:27.0) Gecko/20100101 Firefox/27.0", "connection" "keep-alive", "accept-language" "null", "content-type" "application/json; charset=UTF-8", "content-length" "53", "accept" "text/html,application/xhtml+xml,application/xml;q=0.9,*/*;q=0.8", "host" "localhost:6001"}, :server-port 6001, :content-length 53, :form-params {}, :query-params {}, :content-type "application/json; charset=UTF-8", :path-info "/student", :character-encoding "UTF-8", :context "/pieces", :uri "/pieces/student", :server-name "localhost", :query-string nil, :body nil, :scheme :http, :request-method :put}
[2015-04-29 11:48:12,205] INFO  -->> {:age 25, :sex "男", :name "songbingwei"}
[2015-04-29 11:48:12,341] INFO  -->> Initializing c3p0-0.9.1.2 [built 21-May-2007 15:04:56; debug? true; trace: 10]
[2015-04-29 11:48:12,479] INFO  -->> Initializing c3p0 pool... com.mchange.v2.c3p0.ComboPooledDataSource [ acquireIncrement -> 3, acquireRetryAttempts -> 30, acquireRetryDelay -> 1000, autoCommitOnClose -> false, automaticTestTable -> null, breakAfterAcquireFailure -> false, checkoutTimeout -> 0, connectionCustomizerClassName -> null, connectionTesterClassName -> com.mchange.v2.c3p0.impl.DefaultConnectionTester, dataSourceName -> 1hge1cs99wur8a1w38vo5|7b95c5b, debugUnreturnedConnectionStackTraces -> false, description -> null, driverClass -> org.postgresql.Driver, factoryClassLocation -> null, forceIgnoreUnresolvedTransactions -> false, identityToken -> 1hge1cs99wur8a1w38vo5|7b95c5b, idleConnectionTestPeriod -> 0, initialPoolSize -> 3, jdbcUrl -> jdbc:postgresql://127.0.0.1:5432/school_car, maxAdministrativeTaskTime -> 0, maxConnectionAge -> 0, maxIdleTime -> 10800, maxIdleTimeExcessConnections -> 1800, maxPoolSize -> 15, maxStatements -> 0, maxStatementsPerConnection -> 0, minPoolSize -> 3, numHelperThreads -> 3, numThreadsAwaitingCheckoutDefaultUser -> 0, preferredTestQuery -> null, properties -> {user=******, password=******}, propertyCycle -> 0, testConnectionOnCheckin -> false, testConnectionOnCheckout -> false, unreturnedConnectionTimeout -> 0, usesTraditionalReflectiveProxies -> false ]
[2015-04-29 11:50:53,318] INFO  -->> MLog clients using log4j logging.
[2015-04-29 11:52:01,901] INFO  -->> {:json-params {"stuid" 4, "name" "songbingwei", "age" 25, "sex" "男"}, :ssl-client-cert nil, :remote-addr "0:0:0:0:0:0:0:1", :params {:user-agent "Mozilla/5.0 (X11; Linux x86_64; rv:27.0) Gecko/20100101 Firefox/27.0", :age 25, :sex "男", :name "songbingwei", :host "localhost:6001", :content-length "53", :stuid 4, :accept-encoding "gzip, deflate", :content-type "application/json; charset=UTF-8", :connection "keep-alive", :accept-language "null", :accept "text/html,application/xhtml+xml,application/xml;q=0.9,*/*;q=0.8"}, :route-params {}, :headers {"accept-encoding" "gzip, deflate", "user-agent" "Mozilla/5.0 (X11; Linux x86_64; rv:27.0) Gecko/20100101 Firefox/27.0", "connection" "keep-alive", "accept-language" "null", "content-type" "application/json; charset=UTF-8", "content-length" "53", "accept" "text/html,application/xhtml+xml,application/xml;q=0.9,*/*;q=0.8", "host" "localhost:6001"}, :server-port 6001, :content-length 53, :form-params {}, :query-params {}, :content-type "application/json; charset=UTF-8", :path-info "/student", :character-encoding "UTF-8", :context "/pieces", :uri "/pieces/student", :server-name "localhost", :query-string nil, :body nil, :scheme :http, :request-method :put}
[2015-04-29 11:52:01,903] INFO  -->> {:age 25, :sex "男", :name "songbingwei"}
[2015-04-29 11:52:02,136] INFO  -->> Initializing c3p0-0.9.1.2 [built 21-May-2007 15:04:56; debug? true; trace: 10]
[2015-04-29 11:52:02,274] INFO  -->> Initializing c3p0 pool... com.mchange.v2.c3p0.ComboPooledDataSource [ acquireIncrement -> 3, acquireRetryAttempts -> 30, acquireRetryDelay -> 1000, autoCommitOnClose -> false, automaticTestTable -> null, breakAfterAcquireFailure -> false, checkoutTimeout -> 0, connectionCustomizerClassName -> null, connectionTesterClassName -> com.mchange.v2.c3p0.impl.DefaultConnectionTester, dataSourceName -> 1hge1cs99wzohjp58mgh|1489b30, debugUnreturnedConnectionStackTraces -> false, description -> null, driverClass -> org.postgresql.Driver, factoryClassLocation -> null, forceIgnoreUnresolvedTransactions -> false, identityToken -> 1hge1cs99wzohjp58mgh|1489b30, idleConnectionTestPeriod -> 0, initialPoolSize -> 3, jdbcUrl -> jdbc:postgresql://127.0.0.1:5432/school_car, maxAdministrativeTaskTime -> 0, maxConnectionAge -> 0, maxIdleTime -> 10800, maxIdleTimeExcessConnections -> 1800, maxPoolSize -> 15, maxStatements -> 0, maxStatementsPerConnection -> 0, minPoolSize -> 3, numHelperThreads -> 3, numThreadsAwaitingCheckoutDefaultUser -> 0, preferredTestQuery -> null, properties -> {user=******, password=******}, propertyCycle -> 0, testConnectionOnCheckin -> false, testConnectionOnCheckout -> false, unreturnedConnectionTimeout -> 0, usesTraditionalReflectiveProxies -> false ]
[2015-04-29 11:52:02,437] INFO  -->> {:description "yi ming xiao xue sheng", :age 25, :sex "男", :headimg "/headimg/123.jpg", :name "songbingwei", :username "song_stu", :classes_id 2M, :stuid 4M, :car_id 3M, :school_id 1M, :passwd "song_stu"}
[2015-04-29 14:43:16,959] INFO  -->> MLog clients using log4j logging.
[2015-04-29 14:48:32,007] INFO  -->> {:json-params {"stuid" 4, "name" "songbingwei", "age" 25, "sex" "男"}, :ssl-client-cert nil, :remote-addr "0:0:0:0:0:0:0:1", :params {:sex "男", :age 25, :name "songbingwei", :stuid 4}, :route-params {}, :headers {"accept-encoding" "gzip, deflate", "user-agent" "Mozilla/5.0 (X11; Linux x86_64; rv:27.0) Gecko/20100101 Firefox/27.0", "connection" "keep-alive", "accept-language" "null", "content-type" "application/json; charset=UTF-8", "content-length" "53", "accept" "text/html,application/xhtml+xml,application/xml;q=0.9,*/*;q=0.8", "host" "localhost:6001"}, :server-port 6001, :content-length 53, :form-params {}, :query-params {}, :content-type "application/json; charset=UTF-8", :path-info "/student", :character-encoding "UTF-8", :context "/pieces", :uri "/pieces/student", :server-name "localhost", :query-string nil, :body nil, :scheme :http, :request-method :put}
[2015-04-29 14:48:32,009] INFO  -->> {:age 25, :sex "男", :name "songbingwei"}
[2015-04-29 14:48:32,172] INFO  -->> Initializing c3p0-0.9.1.2 [built 21-May-2007 15:04:56; debug? true; trace: 10]
[2015-04-29 14:48:32,329] INFO  -->> Initializing c3p0 pool... com.mchange.v2.c3p0.ComboPooledDataSource [ acquireIncrement -> 3, acquireRetryAttempts -> 30, acquireRetryDelay -> 1000, autoCommitOnClose -> false, automaticTestTable -> null, breakAfterAcquireFailure -> false, checkoutTimeout -> 0, connectionCustomizerClassName -> null, connectionTesterClassName -> com.mchange.v2.c3p0.impl.DefaultConnectionTester, dataSourceName -> 1hge1cs9913anu818dcoun|2ad3074, debugUnreturnedConnectionStackTraces -> false, description -> null, driverClass -> org.postgresql.Driver, factoryClassLocation -> null, forceIgnoreUnresolvedTransactions -> false, identityToken -> 1hge1cs9913anu818dcoun|2ad3074, idleConnectionTestPeriod -> 0, initialPoolSize -> 3, jdbcUrl -> jdbc:postgresql://127.0.0.1:5432/school_car, maxAdministrativeTaskTime -> 0, maxConnectionAge -> 0, maxIdleTime -> 10800, maxIdleTimeExcessConnections -> 1800, maxPoolSize -> 15, maxStatements -> 0, maxStatementsPerConnection -> 0, minPoolSize -> 3, numHelperThreads -> 3, numThreadsAwaitingCheckoutDefaultUser -> 0, preferredTestQuery -> null, properties -> {user=******, password=******}, propertyCycle -> 0, testConnectionOnCheckin -> false, testConnectionOnCheckout -> false, unreturnedConnectionTimeout -> 0, usesTraditionalReflectiveProxies -> false ]
[2015-04-29 14:48:32,530] INFO  -->> {:description "yi ming xiao xue sheng", :age 25, :sex "男", :headimg "/headimg/123.jpg", :name "songbingwei", :username "song_stu", :classes_id 2M, :stuid 4M, :car_id 3M, :school_id 1M, :passwd "song_stu"}
[2015-04-29 15:13:49,866] INFO  -->> MLog clients using log4j logging.
[2015-04-29 15:15:09,079] INFO  -->> MLog clients using log4j logging.
[2015-04-29 15:15:16,313] INFO  -->> {:json-params {"stuid" 4, "name" "songbingwei", "age" 25, "sex" "男"}, :ssl-client-cert nil, :remote-addr "0:0:0:0:0:0:0:1", :params {:user-agent "Mozilla/5.0 (X11; Linux x86_64; rv:27.0) Gecko/20100101 Firefox/27.0", :age 25, :sex "男", :name "songbingwei", :host "localhost:6001", :content-length "53", :stuid 4, :accept-encoding "gzip, deflate", :content-type "application/json; charset=UTF-8", :connection "keep-alive", :accept-language "null", :accept "text/html,application/xhtml+xml,application/xml;q=0.9,*/*;q=0.8"}, :route-params {}, :headers {"accept-encoding" "gzip, deflate", "user-agent" "Mozilla/5.0 (X11; Linux x86_64; rv:27.0) Gecko/20100101 Firefox/27.0", "connection" "keep-alive", "accept-language" "null", "content-type" "application/json; charset=UTF-8", "content-length" "53", "accept" "text/html,application/xhtml+xml,application/xml;q=0.9,*/*;q=0.8", "host" "localhost:6001"}, :server-port 6001, :content-length 53, :form-params {}, :query-params {}, :content-type "application/json; charset=UTF-8", :path-info "/student", :character-encoding "UTF-8", :context "/pieces", :uri "/pieces/student", :server-name "localhost", :query-string nil, :body nil, :scheme :http, :request-method :put}
[2015-04-29 15:15:16,323] INFO  -->> {:age 25, :sex "男", :name "songbingwei"}
[2015-04-29 15:15:16,457] INFO  -->> Initializing c3p0-0.9.1.2 [built 21-May-2007 15:04:56; debug? true; trace: 10]
[2015-04-29 15:15:16,617] INFO  -->> Initializing c3p0 pool... com.mchange.v2.c3p0.ComboPooledDataSource [ acquireIncrement -> 3, acquireRetryAttempts -> 30, acquireRetryDelay -> 1000, autoCommitOnClose -> false, automaticTestTable -> null, breakAfterAcquireFailure -> false, checkoutTimeout -> 0, connectionCustomizerClassName -> null, connectionTesterClassName -> com.mchange.v2.c3p0.impl.DefaultConnectionTester, dataSourceName -> 1hge1cs991491qmktev45|1489b30, debugUnreturnedConnectionStackTraces -> false, description -> null, driverClass -> org.postgresql.Driver, factoryClassLocation -> null, forceIgnoreUnresolvedTransactions -> false, identityToken -> 1hge1cs991491qmktev45|1489b30, idleConnectionTestPeriod -> 0, initialPoolSize -> 3, jdbcUrl -> jdbc:postgresql://127.0.0.1:5432/school_car, maxAdministrativeTaskTime -> 0, maxConnectionAge -> 0, maxIdleTime -> 10800, maxIdleTimeExcessConnections -> 1800, maxPoolSize -> 15, maxStatements -> 0, maxStatementsPerConnection -> 0, minPoolSize -> 3, numHelperThreads -> 3, numThreadsAwaitingCheckoutDefaultUser -> 0, preferredTestQuery -> null, properties -> {user=******, password=******}, propertyCycle -> 0, testConnectionOnCheckin -> false, testConnectionOnCheckout -> false, unreturnedConnectionTimeout -> 0, usesTraditionalReflectiveProxies -> false ]
[2015-04-29 15:15:16,827] INFO  -->> {:description "yi ming xiao xue sheng", :age 25, :sex "男", :headimg "/headimg/123.jpg", :name "songbingwei", :username "song_stu", :classes_id 2M, :stuid 4M, :car_id 3M, :school_id 1M, :passwd "song_stu"}
[2015-04-29 15:15:16,925] INFO  -->> 
request -> 
{:ssl-client-cert nil, :remote-addr "0:0:0:0:0:0:0:1", :params {:host "localhost:6001", :accept "text/html,application/xhtml+xml,application/xml;q=0.9,*/*;q=0.8", :content-length "53", :content-type "application/json; charset=UTF-8", :accept-language "null", :connection "keep-alive", :user-agent "Mozilla/5.0 (X11; Linux x86_64; rv:27.0) Gecko/20100101 Firefox/27.0", :accept-encoding "gzip, deflate"}, :headers {"accept-encoding" "gzip, deflate", "user-agent" "Mozilla/5.0 (X11; Linux x86_64; rv:27.0) Gecko/20100101 Firefox/27.0", "connection" "keep-alive", "accept-language" "null", "content-type" "application/json; charset=UTF-8", "content-length" "53", "accept" "text/html,application/xhtml+xml,application/xml;q=0.9,*/*;q=0.8", "host" "localhost:6001"}, :server-port 6001, :content-length 53, :content-type "application/json; charset=UTF-8", :character-encoding "UTF-8", :uri "/pieces/student", :server-name "localhost", :query-string nil, :body #<HttpInput org.eclipse.jetty.server.HttpInput@5b9a0b08>, :scheme :http, :request-method :put}
response -> 
{:status 200, :headers {"Content-Type" "application/json; charset=utf-8"}, :body "{\"success\":1}"}
[2015-04-29 15:30:46,338] INFO  -->> MLog clients using log4j logging.
[2015-04-29 15:31:58,382] INFO  -->> MLog clients using log4j logging.
[2015-04-29 15:32:05,517] INFO  -->> {:json-params {"stuid" 4, "name" "songbingwei", "age" 25, "sex" "男"}, :ssl-client-cert nil, :remote-addr "0:0:0:0:0:0:0:1", :params {:user-agent "Mozilla/5.0 (X11; Linux x86_64; rv:27.0) Gecko/20100101 Firefox/27.0", :age 25, :sex "男", :name "songbingwei", :host "localhost:6001", :content-length "53", :stuid 4, :accept-encoding "gzip, deflate", :content-type "application/json; charset=UTF-8", :connection "keep-alive", :accept-language "null", :accept "text/html,application/xhtml+xml,application/xml;q=0.9,*/*;q=0.8"}, :route-params {}, :headers {"accept-encoding" "gzip, deflate", "user-agent" "Mozilla/5.0 (X11; Linux x86_64; rv:27.0) Gecko/20100101 Firefox/27.0", "connection" "keep-alive", "accept-language" "null", "content-type" "application/json; charset=UTF-8", "content-length" "53", "accept" "text/html,application/xhtml+xml,application/xml;q=0.9,*/*;q=0.8", "host" "localhost:6001"}, :server-port 6001, :content-length 53, :form-params {}, :query-params {}, :content-type "application/json; charset=UTF-8", :path-info "/student", :character-encoding "UTF-8", :context "/pieces", :uri "/pieces/student", :server-name "localhost", :query-string nil, :body nil, :scheme :http, :request-method :put}
[2015-04-29 15:32:05,519] INFO  -->> {:age 25, :sex "男", :name "songbingwei"}
[2015-04-29 15:32:05,684] INFO  -->> Initializing c3p0-0.9.1.2 [built 21-May-2007 15:04:56; debug? true; trace: 10]
[2015-04-29 15:32:05,847] INFO  -->> Initializing c3p0 pool... com.mchange.v2.c3p0.ComboPooledDataSource [ acquireIncrement -> 3, acquireRetryAttempts -> 30, acquireRetryDelay -> 1000, autoCommitOnClose -> false, automaticTestTable -> null, breakAfterAcquireFailure -> false, checkoutTimeout -> 0, connectionCustomizerClassName -> null, connectionTesterClassName -> com.mchange.v2.c3p0.impl.DefaultConnectionTester, dataSourceName -> 1hge1cs9914uog01c3sah2|29b562ae, debugUnreturnedConnectionStackTraces -> false, description -> null, driverClass -> org.postgresql.Driver, factoryClassLocation -> null, forceIgnoreUnresolvedTransactions -> false, identityToken -> 1hge1cs9914uog01c3sah2|29b562ae, idleConnectionTestPeriod -> 0, initialPoolSize -> 3, jdbcUrl -> jdbc:postgresql://127.0.0.1:5432/school_car, maxAdministrativeTaskTime -> 0, maxConnectionAge -> 0, maxIdleTime -> 10800, maxIdleTimeExcessConnections -> 1800, maxPoolSize -> 15, maxStatements -> 0, maxStatementsPerConnection -> 0, minPoolSize -> 3, numHelperThreads -> 3, numThreadsAwaitingCheckoutDefaultUser -> 0, preferredTestQuery -> null, properties -> {user=******, password=******}, propertyCycle -> 0, testConnectionOnCheckin -> false, testConnectionOnCheckout -> false, unreturnedConnectionTimeout -> 0, usesTraditionalReflectiveProxies -> false ]
[2015-04-29 15:32:06,013] INFO  -->> {:description "yi ming xiao xue sheng", :age 25, :sex "男", :headimg "/headimg/123.jpg", :name "songbingwei", :username "song_stu", :classes_id 2M, :stuid 4M, :car_id 3M, :school_id 1M, :passwd "song_stu"}
[2015-04-29 15:32:06,108] INFO  -->> 
request -> 
{:ssl-client-cert nil, :remote-addr "0:0:0:0:0:0:0:1", :params {:host "localhost:6001", :accept "text/html,application/xhtml+xml,application/xml;q=0.9,*/*;q=0.8", :content-length "53", :content-type "application/json; charset=UTF-8", :accept-language "null", :connection "keep-alive", :user-agent "Mozilla/5.0 (X11; Linux x86_64; rv:27.0) Gecko/20100101 Firefox/27.0", :accept-encoding "gzip, deflate"}, :headers {"accept-encoding" "gzip, deflate", "user-agent" "Mozilla/5.0 (X11; Linux x86_64; rv:27.0) Gecko/20100101 Firefox/27.0", "connection" "keep-alive", "accept-language" "null", "content-type" "application/json; charset=UTF-8", "content-length" "53", "accept" "text/html,application/xhtml+xml,application/xml;q=0.9,*/*;q=0.8", "host" "localhost:6001"}, :server-port 6001, :content-length 53, :content-type "application/json; charset=UTF-8", :character-encoding "UTF-8", :uri "/pieces/student", :server-name "localhost", :query-string nil, :body #<HttpInput org.eclipse.jetty.server.HttpInput@12aa010c>, :scheme :http, :request-method :put}
response -> 
{:status 200, :headers {"Content-Type" "application/json; charset=utf-8"}, :body "{\"success\":true}"}
[2015-04-30 09:29:28,253] INFO  -->> MLog clients using log4j logging.
[2015-04-30 09:53:32,196] INFO  -->> 
request -> 
{:ssl-client-cert nil, :remote-addr "0:0:0:0:0:0:0:1", :params {:user-agent "Mozilla/5.0 (X11; Linux x86_64; rv:27.0) Gecko/20100101 Firefox/27.0", :pragma "no-cache", :cache-control "no-cache", :host "localhost:6001", :content-length "157", :accept-encoding "gzip, deflate", :content-type "application/json; charset=UTF-8", :connection "keep-alive", :accept-language "null", :accept "text/html,application/xhtml+xml,application/xml;q=0.9,*/*;q=0.8"}, :headers {"host" "localhost:6001", "user-agent" "Mozilla/5.0 (X11; Linux x86_64; rv:27.0) Gecko/20100101 Firefox/27.0", "content-type" "application/json; charset=UTF-8", "content-length" "157", "connection" "keep-alive", "pragma" "no-cache", "accept" "text/html,application/xhtml+xml,application/xml;q=0.9,*/*;q=0.8", "accept-language" "null", "accept-encoding" "gzip, deflate", "cache-control" "no-cache"}, :server-port 6001, :content-length 157, :content-type "application/json; charset=UTF-8", :character-encoding "UTF-8", :uri "/pieces/student", :server-name "localhost", :query-string nil, :body #<HttpInput org.eclipse.jetty.server.HttpInput@59a69d87>, :scheme :http, :request-method :post}
response -> 
{:headers {"Content-Type" "text/plain"}, :status 400, :body "Malformed JSON in request body."}
[2015-04-30 09:55:58,087] INFO  -->> Initializing c3p0-0.9.1.2 [built 21-May-2007 15:04:56; debug? true; trace: 10]
[2015-04-30 09:55:58,276] INFO  -->> Initializing c3p0 pool... com.mchange.v2.c3p0.ComboPooledDataSource [ acquireIncrement -> 3, acquireRetryAttempts -> 30, acquireRetryDelay -> 1000, autoCommitOnClose -> false, automaticTestTable -> null, breakAfterAcquireFailure -> false, checkoutTimeout -> 0, connectionCustomizerClassName -> null, connectionTesterClassName -> com.mchange.v2.c3p0.impl.DefaultConnectionTester, dataSourceName -> 1hge1cs9928a9p61m6fq5s|19eda624, debugUnreturnedConnectionStackTraces -> false, description -> null, driverClass -> org.postgresql.Driver, factoryClassLocation -> null, forceIgnoreUnresolvedTransactions -> false, identityToken -> 1hge1cs9928a9p61m6fq5s|19eda624, idleConnectionTestPeriod -> 0, initialPoolSize -> 3, jdbcUrl -> jdbc:postgresql://127.0.0.1:5432/school_car, maxAdministrativeTaskTime -> 0, maxConnectionAge -> 0, maxIdleTime -> 10800, maxIdleTimeExcessConnections -> 1800, maxPoolSize -> 15, maxStatements -> 0, maxStatementsPerConnection -> 0, minPoolSize -> 3, numHelperThreads -> 3, numThreadsAwaitingCheckoutDefaultUser -> 0, preferredTestQuery -> null, properties -> {user=******, password=******}, propertyCycle -> 0, testConnectionOnCheckin -> false, testConnectionOnCheckout -> false, unreturnedConnectionTimeout -> 0, usesTraditionalReflectiveProxies -> false ]
[2015-04-30 09:59:23,461] INFO  -->> MLog clients using log4j logging.
[2015-04-30 10:00:55,578] INFO  -->> Initializing c3p0-0.9.1.2 [built 21-May-2007 15:04:56; debug? true; trace: 10]
[2015-04-30 10:00:55,769] INFO  -->> Initializing c3p0 pool... com.mchange.v2.c3p0.ComboPooledDataSource [ acquireIncrement -> 3, acquireRetryAttempts -> 30, acquireRetryDelay -> 1000, autoCommitOnClose -> false, automaticTestTable -> null, breakAfterAcquireFailure -> false, checkoutTimeout -> 0, connectionCustomizerClassName -> null, connectionTesterClassName -> com.mchange.v2.c3p0.impl.DefaultConnectionTester, dataSourceName -> 1hge1cs9928gn96ws1vhv|7dfcb28, debugUnreturnedConnectionStackTraces -> false, description -> null, driverClass -> org.postgresql.Driver, factoryClassLocation -> null, forceIgnoreUnresolvedTransactions -> false, identityToken -> 1hge1cs9928gn96ws1vhv|7dfcb28, idleConnectionTestPeriod -> 0, initialPoolSize -> 3, jdbcUrl -> jdbc:postgresql://127.0.0.1:5432/school_car, maxAdministrativeTaskTime -> 0, maxConnectionAge -> 0, maxIdleTime -> 10800, maxIdleTimeExcessConnections -> 1800, maxPoolSize -> 15, maxStatements -> 0, maxStatementsPerConnection -> 0, minPoolSize -> 3, numHelperThreads -> 3, numThreadsAwaitingCheckoutDefaultUser -> 0, preferredTestQuery -> null, properties -> {user=******, password=******}, propertyCycle -> 0, testConnectionOnCheckin -> false, testConnectionOnCheckout -> false, unreturnedConnectionTimeout -> 0, usesTraditionalReflectiveProxies -> false ]
[2015-04-30 10:00:56,080] INFO  -->> 
request -> 
{:ssl-client-cert nil, :remote-addr "0:0:0:0:0:0:0:1", :params {:user-agent "Mozilla/5.0 (X11; Linux x86_64; rv:27.0) Gecko/20100101 Firefox/27.0", :pragma "no-cache", :cache-control "no-cache", :host "localhost:6001", :content-length "218", :accept-encoding "gzip, deflate", :content-type "application/json; charset=UTF-8", :connection "keep-alive", :accept-language "null", :accept "text/html,application/xhtml+xml,application/xml;q=0.9,*/*;q=0.8"}, :headers {"host" "localhost:6001", "user-agent" "Mozilla/5.0 (X11; Linux x86_64; rv:27.0) Gecko/20100101 Firefox/27.0", "content-type" "application/json; charset=UTF-8", "content-length" "218", "connection" "keep-alive", "pragma" "no-cache", "accept" "text/html,application/xhtml+xml,application/xml;q=0.9,*/*;q=0.8", "accept-language" "null", "accept-encoding" "gzip, deflate", "cache-control" "no-cache"}, :server-port 6001, :content-length 218, :content-type "application/json; charset=UTF-8", :character-encoding "UTF-8", :uri "/pieces/student", :server-name "localhost", :query-string nil, :body #<HttpInput org.eclipse.jetty.server.HttpInput@6eb97bf7>, :scheme :http, :request-method :post}
response -> 
{:status 200, :headers {"Content-Type" "application/json; charset=utf-8"}, :body "{\"success\":true}"}
[2015-04-30 10:04:57,544] INFO  -->> 
request -> 
{:ssl-client-cert nil, :remote-addr "0:0:0:0:0:0:0:1", :params {:user-agent "Mozilla/5.0 (X11; Linux x86_64; rv:27.0) Gecko/20100101 Firefox/27.0", :pragma "no-cache", :cache-control "no-cache", :host "localhost:6001", :content-length "191", :accept-encoding "gzip, deflate", :content-type "application/json; charset=UTF-8", :connection "keep-alive", :accept-language "null", :accept "text/html,application/xhtml+xml,application/xml;q=0.9,*/*;q=0.8"}, :headers {"host" "localhost:6001", "user-agent" "Mozilla/5.0 (X11; Linux x86_64; rv:27.0) Gecko/20100101 Firefox/27.0", "content-type" "application/json; charset=UTF-8", "content-length" "191", "connection" "keep-alive", "pragma" "no-cache", "accept" "text/html,application/xhtml+xml,application/xml;q=0.9,*/*;q=0.8", "accept-language" "null", "accept-encoding" "gzip, deflate", "cache-control" "no-cache"}, :server-port 6001, :content-length 191, :content-type "application/json; charset=UTF-8", :character-encoding "UTF-8", :uri "/pieces/student", :server-name "localhost", :query-string nil, :body #<HttpInput org.eclipse.jetty.server.HttpInput@1520a43d>, :scheme :http, :request-method :post}
response -> 
{:status 200, :headers {"Content-Type" "application/json; charset=utf-8"}, :body "{\"success\":true}"}
[2015-04-30 11:00:06,824] INFO  -->> MLog clients using log4j logging.
[2015-04-30 11:01:41,803] INFO  -->> MLog clients using log4j logging.
[2015-04-30 11:02:10,158] INFO  -->> {:headimg "/123.jpg", :passwd "songb1", :username "songb1", :school_id 1, :car_id 3, :classes_id 2, :age 25, :sex "男", :name "song1"}
[2015-04-30 11:02:10,325] INFO  -->> Initializing c3p0-0.9.1.2 [built 21-May-2007 15:04:56; debug? true; trace: 10]
[2015-04-30 11:02:10,494] INFO  -->> Initializing c3p0 pool... com.mchange.v2.c3p0.ComboPooledDataSource [ acquireIncrement -> 3, acquireRetryAttempts -> 30, acquireRetryDelay -> 1000, autoCommitOnClose -> false, automaticTestTable -> null, breakAfterAcquireFailure -> false, checkoutTimeout -> 0, connectionCustomizerClassName -> null, connectionTesterClassName -> com.mchange.v2.c3p0.impl.DefaultConnectionTester, dataSourceName -> 1hge1cs992aneor90dfsg|229d7c57, debugUnreturnedConnectionStackTraces -> false, description -> null, driverClass -> org.postgresql.Driver, factoryClassLocation -> null, forceIgnoreUnresolvedTransactions -> false, identityToken -> 1hge1cs992aneor90dfsg|229d7c57, idleConnectionTestPeriod -> 0, initialPoolSize -> 3, jdbcUrl -> jdbc:postgresql://127.0.0.1:5432/school_car, maxAdministrativeTaskTime -> 0, maxConnectionAge -> 0, maxIdleTime -> 10800, maxIdleTimeExcessConnections -> 1800, maxPoolSize -> 15, maxStatements -> 0, maxStatementsPerConnection -> 0, minPoolSize -> 3, numHelperThreads -> 3, numThreadsAwaitingCheckoutDefaultUser -> 0, preferredTestQuery -> null, properties -> {user=******, password=******}, propertyCycle -> 0, testConnectionOnCheckin -> false, testConnectionOnCheckout -> false, unreturnedConnectionTimeout -> 0, usesTraditionalReflectiveProxies -> false ]
[2015-04-30 14:18:33,684] INFO  -->> MLog clients using log4j logging.
[2015-04-30 14:19:20,945] INFO  -->> {:headimg "/123.jpg", :passwd "songb1", :username "songb1", :school_id 1, :car_id 3, :classes_id 2, :age 25, :sex "男", :name "song1"}
[2015-04-30 14:19:26,303] INFO  -->> Initializing c3p0-0.9.1.2 [built 21-May-2007 15:04:56; debug? true; trace: 10]
[2015-04-30 14:19:26,477] INFO  -->> Initializing c3p0 pool... com.mchange.v2.c3p0.ComboPooledDataSource [ acquireIncrement -> 3, acquireRetryAttempts -> 30, acquireRetryDelay -> 1000, autoCommitOnClose -> false, automaticTestTable -> null, breakAfterAcquireFailure -> false, checkoutTimeout -> 0, connectionCustomizerClassName -> null, connectionTesterClassName -> com.mchange.v2.c3p0.impl.DefaultConnectionTester, dataSourceName -> 1hge1cs992hp3e1mpu3ms|58651b62, debugUnreturnedConnectionStackTraces -> false, description -> null, driverClass -> org.postgresql.Driver, factoryClassLocation -> null, forceIgnoreUnresolvedTransactions -> false, identityToken -> 1hge1cs992hp3e1mpu3ms|58651b62, idleConnectionTestPeriod -> 0, initialPoolSize -> 3, jdbcUrl -> jdbc:postgresql://127.0.0.1:5432/school_car, maxAdministrativeTaskTime -> 0, maxConnectionAge -> 0, maxIdleTime -> 10800, maxIdleTimeExcessConnections -> 1800, maxPoolSize -> 15, maxStatements -> 0, maxStatementsPerConnection -> 0, minPoolSize -> 3, numHelperThreads -> 3, numThreadsAwaitingCheckoutDefaultUser -> 0, preferredTestQuery -> null, properties -> {user=******, password=******}, propertyCycle -> 0, testConnectionOnCheckin -> false, testConnectionOnCheckout -> false, unreturnedConnectionTimeout -> 0, usesTraditionalReflectiveProxies -> false ]
[2015-04-30 14:21:17,402] INFO  -->> MLog clients using log4j logging.
[2015-04-30 14:21:24,138] INFO  -->> {:headimg "/123.jpg", :passwd "songb1", :username "songb1", :school_id 1, :car_id 3, :classes_id 2, :age 25, :sex "男", :name "song1"}
[2015-04-30 14:21:29,331] INFO  -->> Initializing c3p0-0.9.1.2 [built 21-May-2007 15:04:56; debug? true; trace: 10]
[2015-04-30 14:21:29,466] INFO  -->> Initializing c3p0 pool... com.mchange.v2.c3p0.ComboPooledDataSource [ acquireIncrement -> 3, acquireRetryAttempts -> 30, acquireRetryDelay -> 1000, autoCommitOnClose -> false, automaticTestTable -> null, breakAfterAcquireFailure -> false, checkoutTimeout -> 0, connectionCustomizerClassName -> null, connectionTesterClassName -> com.mchange.v2.c3p0.impl.DefaultConnectionTester, dataSourceName -> 1hge1cs992hrqbh1sa3yeg|4f3cb3fc, debugUnreturnedConnectionStackTraces -> false, description -> null, driverClass -> org.postgresql.Driver, factoryClassLocation -> null, forceIgnoreUnresolvedTransactions -> false, identityToken -> 1hge1cs992hrqbh1sa3yeg|4f3cb3fc, idleConnectionTestPeriod -> 0, initialPoolSize -> 3, jdbcUrl -> jdbc:postgresql://127.0.0.1:5432/school_car, maxAdministrativeTaskTime -> 0, maxConnectionAge -> 0, maxIdleTime -> 10800, maxIdleTimeExcessConnections -> 1800, maxPoolSize -> 15, maxStatements -> 0, maxStatementsPerConnection -> 0, minPoolSize -> 3, numHelperThreads -> 3, numThreadsAwaitingCheckoutDefaultUser -> 0, preferredTestQuery -> null, properties -> {user=******, password=******}, propertyCycle -> 0, testConnectionOnCheckin -> false, testConnectionOnCheckout -> false, unreturnedConnectionTimeout -> 0, usesTraditionalReflectiveProxies -> false ]
[2015-04-30 14:21:29,847] INFO  -->> 
request -> 
{:ssl-client-cert nil, :remote-addr "0:0:0:0:0:0:0:1", :params {:host "localhost:6001", :accept "text/html,application/xhtml+xml,application/xml;q=0.9,*/*;q=0.8", :content-length "191", :content-type "application/json; charset=UTF-8", :accept-language "null", :connection "keep-alive", :user-agent "Mozilla/5.0 (X11; Linux x86_64; rv:27.0) Gecko/20100101 Firefox/27.0", :accept-encoding "gzip, deflate"}, :headers {"accept-encoding" "gzip, deflate", "user-agent" "Mozilla/5.0 (X11; Linux x86_64; rv:27.0) Gecko/20100101 Firefox/27.0", "connection" "keep-alive", "accept-language" "null", "content-type" "application/json; charset=UTF-8", "content-length" "191", "accept" "text/html,application/xhtml+xml,application/xml;q=0.9,*/*;q=0.8", "host" "localhost:6001"}, :server-port 6001, :content-length 191, :content-type "application/json; charset=UTF-8", :character-encoding "UTF-8", :uri "/pieces/student", :server-name "localhost", :query-string "stuid=113324754682175148614104609255103397888", :body #<HttpInput org.eclipse.jetty.server.HttpInput@1a583e68>, :scheme :http, :request-method :delete}
response -> 
{:status 200, :headers {"Content-Type" "application/json; charset=utf-8"}, :body "{\"success\":true}"}
[2015-05-05 10:15:46,673] INFO  -->> MLog clients using log4j logging.
[2015-06-11 13:43:26,717] INFO  -->> MLog clients using log4j logging.
[2015-06-11 13:48:24,995] INFO  -->> MLog clients using log4j logging.
[2015-06-11 13:51:35,752] INFO  -->> MLog clients using log4j logging.
[2015-06-11 13:55:48,964] INFO  -->> MLog clients using log4j logging.
[2015-06-11 14:07:04,180] INFO  -->> MLog clients using log4j logging.
[2015-06-11 14:10:15,599] INFO  -->> MLog clients using log4j logging.
[2015-06-11 14:11:49,181] INFO  -->> MLog clients using log4j logging.
[2015-06-11 14:31:04,248] INFO  -->> MLog clients using log4j logging.
[2015-06-11 14:32:22,087] INFO  -->> MLog clients using log4j logging.
[2015-06-11 14:34:08,644] INFO  -->> MLog clients using log4j logging.
[2015-06-11 14:42:59,313] INFO  -->> MLog clients using log4j logging.
[2015-06-11 14:46:28,695] INFO  -->> MLog clients using log4j logging.
[2015-06-11 14:50:20,627] INFO  -->> MLog clients using log4j logging.
[2015-06-11 14:52:24,471] INFO  -->> MLog clients using log4j logging.
[2015-06-11 14:53:46,793] INFO  -->> MLog clients using log4j logging.
[2015-06-11 14:55:39,891] INFO  -->> MLog clients using log4j logging.
[2015-06-11 14:59:05,769] INFO  -->> MLog clients using log4j logging.
[2015-06-11 15:05:59,442] INFO  -->> MLog clients using log4j logging.
[2015-06-11 15:07:49,134] INFO  -->> MLog clients using log4j logging.
[2015-06-11 15:09:31,424] INFO  -->> MLog clients using log4j logging.
[2015-06-11 15:10:24,602] INFO  -->> MLog clients using log4j logging.
[2015-06-11 15:13:15,304] INFO  -->> MLog clients using log4j logging.
[2015-06-12 14:30:01,090] INFO  -->> MLog clients using log4j logging.
[2015-06-12 16:00:01,213] INFO  -->> MLog clients using log4j logging.
[2015-06-12 16:15:31,522] INFO  -->> MLog clients using log4j logging.
[2015-06-12 16:19:26,330] INFO  -->> MLog clients using log4j logging.
[2015-06-12 16:22:03,124] INFO  -->> MLog clients using log4j logging.
[2015-06-12 16:26:24,084] INFO  -->> MLog clients using log4j logging.
[2015-06-12 16:29:41,726] INFO  -->> MLog clients using log4j logging.
[2015-06-18 18:59:25,369] INFO  -->> MLog clients using log4j logging.
[2015-06-18 14:31:16,424] INFO  -->> MLog clients using log4j logging.
[2015-06-18 14:46:09,889] INFO  -->> MLog clients using log4j logging.
[2015-06-18 14:48:51,098] INFO  -->> MLog clients using log4j logging.
[2015-06-19 11:02:21,096] INFO  -->> MLog clients using log4j logging.
[2015-06-19 11:03:52,873] INFO  -->> MLog clients using log4j logging.
[2015-06-19 15:47:52,308] INFO  -->> MLog clients using log4j logging.
[2015-06-19 16:14:46,352] INFO  -->> MLog clients using log4j logging.
[2015-06-19 16:17:05,175] INFO  -->> MLog clients using log4j logging.
